<?xml version="1.0" encoding="UTF-8"?>
<!-- Generated by org.testng.reporters.JUnitXMLReporter -->
<testsuite ignored="2" hostname="DESKTOP-BPQOHUP" failures="0" tests="0" time="0.018" errors="0" timestamp="2024-01-30T19:17:09 IST">
  <testcase classname="MobileTestAutomation.AppiumFrameworkDesign.GeneralStoreTestScenarios" name="formFillingTest" time="0.0">
    <ignored/>
  </testcase> <!-- formFillingTest -->
  <testcase classname="MobileTestAutomation.AppiumFrameworkDesign.GeneralStoreTestScenarios" name="productListing" time="0.0">
    <ignored/>
  </testcase> <!-- productListing -->
</testsuite>
