<?xml version="1.0" encoding="UTF-8"?>
<testsuite xmlns:xsi="http://www.w3.org/2001/XMLSchema-instance" xsi:noNamespaceSchemaLocation="https://maven.apache.org/surefire/maven-surefire-plugin/xsd/surefire-test-report-3.0.xsd" version="3.0" name="TestSuite" time="30.86" tests="1" errors="0" skipped="0" failures="0">
  <properties>
[...]
</properties>
  <testcase name="webPriceViewTest" classname="MobileTestAutomation.AppiumFrameworkDesign.PriceofProducts" time="14.584">
    <system-out><![CDATA[&amp#27;[35m[Appium]&amp#27;[39m Welcome to Appium v2.1.3
&amp#27;[35m[Appium]&amp#27;[39m Attempting to load driver uiautomator2...
[debug] &amp#27;[35m[Appium]&amp#27;[39m Requiring driver at C:\Users\DELL\.appium\node_modules\appium-uiautomator2-driver
&amp#27;[35m[Appium]&amp#27;[39m Appium REST http interface listener started on http://0.0.0.0:4723
&amp#27;[35m[Appium]&amp#27;[39m You can provide the following URLs in your client code to connect to this server:
&amp#27;[35m[Appium]&amp#27;[39m 	http://192.168.0.103:4723/
&amp#27;[35m[Appium]&amp#27;[39m 	http://127.0.0.1:4723/ (only accessible from the same host)
&amp#27;[35m[Appium]&amp#27;[39m Available drivers:
&amp#27;[35m[Appium]&amp#27;[39m   - uiautomator2@2.32.3 (automationName 'UiAutomator2')
&amp#27;[35m[Appium]&amp#27;[39m No plugins have been installed. Use the "appium plugin" command to install the one(s) you want to use.
&amp#27;[38;5;0m[HTTP]&amp#27;[0m &amp#27;[37m-->&amp#27;[39m &amp#27;[37mGET&amp#27;[39m &amp#27;[37m/status&amp#27;[39m
&amp#27;[38;5;0m[HTTP]&amp#27;[0m &amp#27;[90m{}&amp#27;[39m
[debug] &amp#27;[38;5;16m[AppiumDriver@608c]&amp#27;[0m Calling AppiumDriver.getStatus() with args: []
[debug] &amp#27;[38;5;16m[AppiumDriver@608c]&amp#27;[0m Responding to client with driver.getStatus() result: {"ready":true,"message":"The server is ready to accept new connections","build":{"version":"2.1.3"}}
&amp#27;[38;5;0m[HTTP]&amp#27;[0m &amp#27;[37m<-- GET /status &amp#27;[39m&amp#27;[32m200&amp#27;[39m &amp#27;[90m7 ms - 110&amp#27;[39m
&amp#27;[38;5;0m[HTTP]&amp#27;[0m &amp#27;[90m&amp#27;[39m
Appium Server URL: http://0.0.0.0:4723/
[debug] &amp#27;[38;5;0m[HTTP]&amp#27;[0m Request idempotency key: a4f16596-6e89-4395-b71a-21743ebbc958
&amp#27;[38;5;0m[HTTP]&amp#27;[0m &amp#27;[37m-->&amp#27;[39m &amp#27;[37mPOST&amp#27;[39m &amp#27;[37m/session&amp#27;[39m
&amp#27;[38;5;0m[HTTP]&amp#27;[0m &amp#27;[90m{"capabilities":{"firstMatch":[{}],"alwaysMatch":{"appium:app":"C:\\Users\\DELL\\eclipse-workspace\\AppiumFrameworkDesign//src//test//java//resources//General-Store.apk","appium:appActivity":"com.androidsample.generalstore.MainActivity","appium:appPackage":"com.androidsample.generalstore","appium:automationName":"UiAutomator2","appium:deviceName":"Google Pixcel AVD","appium:noReset":true,"appium:platformVersion":"14","platformName":"ANDROID"}}}&amp#27;[39m
[debug] &amp#27;[38;5;16m[AppiumDriver@608c]&amp#27;[0m Calling AppiumDriver.createSession() with args: [null,null,{"firstMatch":[{}],"alwaysMatch":{"appium:app":"C:\\Users\\DELL\\eclipse-workspace\\AppiumFrameworkDesign//src//test//java//resources//General-Store.apk","appium:appActivity":"com.androidsample.generalstore.MainActivity","appium:appPackage":"com.androidsample.generalstore","appium:automationName":"UiAutomator2","appium:deviceName":"Google Pixcel AVD","appium:noReset":true,"appium:platformVersion":"14","platformName":"ANDROID"}}]
[debug] &amp#27;[38;5;16m[AppiumDriver@608c]&amp#27;[0m Event 'newSessionRequested' logged at 1706622438075 (19:17:18 GMT+0530 (India Standard Time))
&amp#27;[35m[Appium]&amp#27;[39m Attempting to find matching driver for automationName 'UiAutomator2' and platformName 'ANDROID'
&amp#27;[35m[Appium]&amp#27;[39m The 'uiautomator2' driver was installed and matched caps.
&amp#27;[35m[Appium]&amp#27;[39m Will require it at C:\Users\DELL\.appium\node_modules\appium-uiautomator2-driver
[debug] &amp#27;[35m[Appium]&amp#27;[39m Requiring driver at C:\Users\DELL\.appium\node_modules\appium-uiautomator2-driver
&amp#27;[38;5;16m[AppiumDriver@608c]&amp#27;[0m Appium v2.1.3 creating new AndroidUiautomator2Driver (v2.32.3) session
&amp#27;[38;5;16m[AppiumDriver@608c]&amp#27;[0m Checking BaseDriver versions for Appium and AndroidUiautomator2Driver
&amp#27;[38;5;16m[AppiumDriver@608c]&amp#27;[0m Appium's BaseDriver version is 9.4.1
&amp#27;[38;5;16m[AppiumDriver@608c]&amp#27;[0m AndroidUiautomator2Driver's BaseDriver version is 9.4.1
[debug] &amp#27;[38;5;32m[AndroidUiautomator2Driver@7169]&amp#27;[0m Creating session with W3C capabilities: {
[debug] &amp#27;[38;5;32m[AndroidUiautomator2Driver@7169]&amp#27;[0m   "alwaysMatch": {
[debug] &amp#27;[38;5;32m[AndroidUiautomator2Driver@7169]&amp#27;[0m     "platformName": "ANDROID",
[debug] &amp#27;[38;5;32m[AndroidUiautomator2Driver@7169]&amp#27;[0m     "appium:app": "C:\\Users\\DELL\\eclipse-workspace\\AppiumFrameworkDesign//src//test//java//resources//General-Store.apk",
[debug] &amp#27;[38;5;32m[AndroidUiautomator2Driver@7169]&amp#27;[0m     "appium:appActivity": "com.androidsample.generalstore.MainActivity",
[debug] &amp#27;[38;5;32m[AndroidUiautomator2Driver@7169]&amp#27;[0m     "appium:appPackage": "com.androidsample.generalstore",
[debug] &amp#27;[38;5;32m[AndroidUiautomator2Driver@7169]&amp#27;[0m     "appium:automationName": "UiAutomator2",
[debug] &amp#27;[38;5;32m[AndroidUiautomator2Driver@7169]&amp#27;[0m     "appium:deviceName": "Google Pixcel AVD",
[debug] &amp#27;[38;5;32m[AndroidUiautomator2Driver@7169]&amp#27;[0m     "appium:noReset": true,
[debug] &amp#27;[38;5;32m[AndroidUiautomator2Driver@7169]&amp#27;[0m     "appium:platformVersion": "14"
[debug] &amp#27;[38;5;32m[AndroidUiautomator2Driver@7169]&amp#27;[0m   },
[debug] &amp#27;[38;5;32m[AndroidUiautomator2Driver@7169]&amp#27;[0m   "firstMatch": [
[debug] &amp#27;[38;5;32m[AndroidUiautomator2Driver@7169]&amp#27;[0m     {}
[debug] &amp#27;[38;5;32m[AndroidUiautomator2Driver@7169]&amp#27;[0m   ]
[debug] &amp#27;[38;5;32m[AndroidUiautomator2Driver@7169]&amp#27;[0m }
&amp#27;[38;5;32m[AndroidUiautomator2Driver@7169 (a43898a0)]&amp#27;[0m Session created with session id: a43898a0-6eb2-4904-abb6-8d14d4aafbd4
&amp#27;[38;5;48m[BaseDriver]&amp#27;[0m Using local app 'C:\Users\DELL\eclipse-workspace\AppiumFrameworkDesign//src//test//java//resources//General-Store.apk'
[debug] &amp#27;[38;5;32m[AndroidUiautomator2Driver@7169 (a43898a0)]&amp#27;[0m Checking whether app is actually present
&amp#27;[38;5;64m[ADB]&amp#27;[0m Found 2 'build-tools' folders under 'C:\Users\DELL\AppData\Local\Android\Sdk' (newest first):
&amp#27;[38;5;64m[ADB]&amp#27;[0m     C:\Users\DELL\AppData\Local\Android\Sdk\build-tools\34.0.0
&amp#27;[38;5;64m[ADB]&amp#27;[0m     C:\Users\DELL\AppData\Local\Android\Sdk\build-tools\33.0.1
&amp#27;[38;5;64m[ADB]&amp#27;[0m Using 'adb.exe' from 'C:\Users\DELL\AppData\Local\Android\Sdk\platform-tools\adb.exe'
[debug] &amp#27;[38;5;64m[ADB]&amp#27;[0m Running 'C:\Users\DELL\AppData\Local\Android\Sdk\platform-tools\adb.exe -P 5037 start-server'
&amp#27;[38;5;80m[AndroidDriver]&amp#27;[0m Retrieving device list
[debug] &amp#27;[38;5;64m[ADB]&amp#27;[0m Trying to find connected Android devices
[debug] &amp#27;[38;5;64m[ADB]&amp#27;[0m Getting connected devices
[debug] &amp#27;[38;5;64m[ADB]&amp#27;[0m Connected devices: [{"udid":"emulator-5554","state":"device"}]
&amp#27;[38;5;80m[AndroidDriver]&amp#27;[0m Looking for a device with Android '14.0.0'
[debug] &amp#27;[38;5;64m[ADB]&amp#27;[0m Setting device id to emulator-5554
&amp#27;[38;5;64m[ADB]&amp#27;[0m Getting device platform version
[debug] &amp#27;[38;5;64m[ADB]&amp#27;[0m Running 'C:\Users\DELL\AppData\Local\Android\Sdk\platform-tools\adb.exe -P 5037 -s emulator-5554 shell getprop ro.build.version.release'
[debug] &amp#27;[38;5;64m[ADB]&amp#27;[0m Current device property 'ro.build.version.release': 14
&amp#27;[38;5;80m[AndroidDriver]&amp#27;[0m Using device: emulator-5554
&amp#27;[38;5;64m[ADB]&amp#27;[0m Using 'adb.exe' from 'C:\Users\DELL\AppData\Local\Android\Sdk\platform-tools\adb.exe'
[debug] &amp#27;[38;5;64m[ADB]&amp#27;[0m Running 'C:\Users\DELL\AppData\Local\Android\Sdk\platform-tools\adb.exe -P 5037 start-server'
[debug] &amp#27;[38;5;64m[ADB]&amp#27;[0m Setting device id to emulator-5554
[debug] &amp#27;[38;5;64m[ADB]&amp#27;[0m Running 'C:\Users\DELL\AppData\Local\Android\Sdk\platform-tools\adb.exe -P 5037 -s emulator-5554 shell getprop ro.build.version.sdk'
[debug] &amp#27;[38;5;64m[ADB]&amp#27;[0m Current device property 'ro.build.version.sdk': 34
&amp#27;[38;5;64m[ADB]&amp#27;[0m Getting device platform version
[debug] &amp#27;[38;5;64m[ADB]&amp#27;[0m Running 'C:\Users\DELL\AppData\Local\Android\Sdk\platform-tools\adb.exe -P 5037 -s emulator-5554 shell getprop ro.build.version.release'
[debug] &amp#27;[38;5;64m[ADB]&amp#27;[0m Current device property 'ro.build.version.release': 14
[debug] &amp#27;[38;5;64m[ADB]&amp#27;[0m Device API level: 34
&amp#27;[38;5;32m[AndroidUiautomator2Driver@7169 (a43898a0)]&amp#27;[0m Relaxing hidden api policy
[debug] &amp#27;[38;5;64m[ADB]&amp#27;[0m Running 'C:\Users\DELL\AppData\Local\Android\Sdk\platform-tools\adb.exe -P 5037 -s emulator-5554 shell 'settings put global hidden_api_policy_pre_p_apps 1;settings put global hidden_api_policy_p_apps 1;settings put global hidden_api_policy 1''
[debug] &amp#27;[38;5;64m[ADB]&amp#27;[0m Running 'C:\Users\DELL\AppData\Local\Android\Sdk\platform-tools\adb.exe -P 5037 -s emulator-5554 wait-for-device'
[debug] &amp#27;[38;5;64m[ADB]&amp#27;[0m Running 'C:\Users\DELL\AppData\Local\Android\Sdk\platform-tools\adb.exe -P 5037 -s emulator-5554 shell echo ping'
[debug] &amp#27;[38;5;80m[AndroidDriver]&amp#27;[0m Pushing settings apk to device...
[debug] &amp#27;[38;5;64m[ADB]&amp#27;[0m Getting package info for 'io.appium.settings'
[debug] &amp#27;[38;5;64m[ADB]&amp#27;[0m Running 'C:\Users\DELL\AppData\Local\Android\Sdk\platform-tools\adb.exe -P 5037 -s emulator-5554 shell dumpsys package io.appium.settings'
[debug] &amp#27;[38;5;64m[ADB]&amp#27;[0m The version name of the installed 'io.appium.settings' is greater or equal to the application version name ('5.1.2' >= '5.1.2')
[debug] &amp#27;[38;5;64m[ADB]&amp#27;[0m There is no need to install/upgrade 'C:\Users\DELL\.appium\node_modules\appium-uiautomator2-driver\node_modules\io.appium.settings\apks\settings_apk-debug.apk'
[debug] &amp#27;[38;5;64m[ADB]&amp#27;[0m Getting IDs of all 'io.appium.settings' processes
[debug] &amp#27;[38;5;64m[ADB]&amp#27;[0m Running 'C:\Users\DELL\AppData\Local\Android\Sdk\platform-tools\adb.exe -P 5037 -s emulator-5554 shell 'pgrep --help; echo $?''
[debug] &amp#27;[38;5;64m[ADB]&amp#27;[0m Running 'C:\Users\DELL\AppData\Local\Android\Sdk\platform-tools\adb.exe -P 5037 -s emulator-5554 shell pgrep -f \(\[\[:blank:\]\]\|\^\)io\.appium\.settings\(\[\[:blank:\]\]\|\$\)'
[debug] &amp#27;[38;5;80m[AndroidDriver]&amp#27;[0m io.appium.settings is already running. There is no need to reset its permissions.
[debug] &amp#27;[38;5;96m[Logcat]&amp#27;[0m Starting logs capture with command: C:\\Users\\DELL\\AppData\\Local\\Android\\Sdk\\platform-tools\\adb.exe -P 5037 -s emulator-5554 logcat -v threadtime
[debug] &amp#27;[38;5;32m[AndroidUiautomator2Driver@7169 (a43898a0)]&amp#27;[0m Forwarding UiAutomator2 Server port 6790 to local port 8200
[debug] &amp#27;[38;5;64m[ADB]&amp#27;[0m Forwarding system: 8200 to device: 6790
[debug] &amp#27;[38;5;64m[ADB]&amp#27;[0m Running 'C:\Users\DELL\AppData\Local\Android\Sdk\platform-tools\adb.exe -P 5037 -s emulator-5554 forward tcp:8200 tcp:6790'
[debug] &amp#27;[38;5;64m[ADB]&amp#27;[0m Checking app cert for C:\Users\DELL\.appium\node_modules\appium-uiautomator2-driver\node_modules\appium-uiautomator2-server\apks\appium-uiautomator2-server-v5.12.7.apk
[debug] &amp#27;[38;5;64m[ADB]&amp#27;[0m Checking app cert for C:\Users\DELL\.appium\node_modules\appium-uiautomator2-driver\node_modules\appium-uiautomator2-server\apks\appium-uiautomator2-server-debug-androidTest.apk
&amp#27;[38;5;64m[ADB]&amp#27;[0m Using 'apksigner.jar' from 'C:\Users\DELL\AppData\Local\Android\Sdk\build-tools\34.0.0\lib\apksigner.jar'
[debug] &amp#27;[38;5;64m[ADB]&amp#27;[0m Starting apksigner: 'C:\\Program Files\\Java\\jdk-17\\bin\\java.exe' -Xmx1024M -Xss1m -jar C:\\Users\\DELL\\AppData\\Local\\Android\\Sdk\\build-tools\\34.0.0\\lib\\apksigner.jar verify --print-certs C:\\Users\\DELL\\.appium\\node_modules\\appium-uiautomator2-driver\\node_modules\\appium-uiautomator2-server\\apks\\appium-uiautomator2-server-debug-androidTest.apk
[debug] &amp#27;[38;5;64m[ADB]&amp#27;[0m Starting apksigner: 'C:\\Program Files\\Java\\jdk-17\\bin\\java.exe' -Xmx1024M -Xss1m -jar C:\\Users\\DELL\\AppData\\Local\\Android\\Sdk\\build-tools\\34.0.0\\lib\\apksigner.jar verify --print-certs C:\\Users\\DELL\\.appium\\node_modules\\appium-uiautomator2-driver\\node_modules\\appium-uiautomator2-server\\apks\\appium-uiautomator2-server-v5.12.7.apk
[debug] &amp#27;[38;5;64m[ADB]&amp#27;[0m apksigner stdout: Signer #1 certificate DN: EMAILADDRESS=android@android.com, CN=Android, OU=Android, O=Android, L=Mountain View, ST=California, C=US
[debug] &amp#27;[38;5;64m[ADB]&amp#27;[0m Signer #1 certificate SHA-256 digest: a40da80a59d170caa950cf15c18c454d47a39b26989d8b640ecd745ba71bf5dc
[debug] &amp#27;[38;5;64m[ADB]&amp#27;[0m Signer #1 certificate SHA-1 digest: 61ed377e85d386a8dfee6b864bd85b0bfaa5af81
[debug] &amp#27;[38;5;64m[ADB]&amp#27;[0m Signer #1 certificate MD5 digest: e89b158e4bcf988ebd09eb83f5378e87
[debug] &amp#27;[38;5;64m[ADB]&amp#27;[0m 
[debug] &amp#27;[38;5;64m[ADB]&amp#27;[0m sha256 hash did match for 'appium-uiautomator2-server-debug-androidTest.apk'
&amp#27;[38;5;64m[ADB]&amp#27;[0m 'C:\Users\DELL\.appium\node_modules\appium-uiautomator2-driver\node_modules\appium-uiautomator2-server\apks\appium-uiautomator2-server-debug-androidTest.apk' is signed with the default certificate
[debug] &amp#27;[38;5;64m[ADB]&amp#27;[0m Getting install status for io.appium.uiautomator2.server.test
[debug] &amp#27;[38;5;64m[ADB]&amp#27;[0m Running 'C:\Users\DELL\AppData\Local\Android\Sdk\platform-tools\adb.exe -P 5037 -s emulator-5554 shell pm path io.appium.uiautomator2.server.test'
[debug] &amp#27;[38;5;64m[ADB]&amp#27;[0m 'io.appium.uiautomator2.server.test' is installed
[debug] &amp#27;[38;5;64m[ADB]&amp#27;[0m apksigner stdout: Signer #1 certificate DN: EMAILADDRESS=android@android.com, CN=Android, OU=Android, O=Android, L=Mountain View, ST=California, C=US
[debug] &amp#27;[38;5;64m[ADB]&amp#27;[0m Signer #1 certificate SHA-256 digest: a40da80a59d170caa950cf15c18c454d47a39b26989d8b640ecd745ba71bf5dc
[debug] &amp#27;[38;5;64m[ADB]&amp#27;[0m Signer #1 certificate SHA-1 digest: 61ed377e85d386a8dfee6b864bd85b0bfaa5af81
[debug] &amp#27;[38;5;64m[ADB]&amp#27;[0m Signer #1 certificate MD5 digest: e89b158e4bcf988ebd09eb83f5378e87
[debug] &amp#27;[38;5;64m[ADB]&amp#27;[0m 
[debug] &amp#27;[38;5;64m[ADB]&amp#27;[0m sha256 hash did match for 'appium-uiautomator2-server-v5.12.7.apk'
&amp#27;[38;5;64m[ADB]&amp#27;[0m 'C:\Users\DELL\.appium\node_modules\appium-uiautomator2-driver\node_modules\appium-uiautomator2-server\apks\appium-uiautomator2-server-v5.12.7.apk' is signed with the default certificate
[debug] &amp#27;[38;5;64m[ADB]&amp#27;[0m Getting package info for 'io.appium.uiautomator2.server'
[debug] &amp#27;[38;5;64m[ADB]&amp#27;[0m Running 'C:\Users\DELL\AppData\Local\Android\Sdk\platform-tools\adb.exe -P 5037 -s emulator-5554 shell dumpsys package io.appium.uiautomator2.server'
[debug] &amp#27;[38;5;64m[ADB]&amp#27;[0m The version name of the installed 'io.appium.uiautomator2.server' is greater or equal to the application version name ('5.12.7' >= '5.12.7')
[debug] &amp#27;[38;5;32m[AndroidUiautomator2Driver@7169 (a43898a0)]&amp#27;[0m Server packages status: [{"wasSigned":true,"installState":"sameVersionInstalled","appPath":"C:\\Users\\DELL\\.appium\\node_modules\\appium-uiautomator2-driver\\node_modules\\appium-uiautomator2-server\\apks\\appium-uiautomator2-server-v5.12.7.apk","appId":"io.appium.uiautomator2.server"},{"wasSigned":true,"installState":"sameVersionInstalled","appPath":"C:\\Users\\DELL\\.appium\\node_modules\\appium-uiautomator2-driver\\node_modules\\appium-uiautomator2-server\\apks\\appium-uiautomator2-server-debug-androidTest.apk","appId":"io.appium.uiautomator2.server.test"}]
&amp#27;[38;5;32m[AndroidUiautomator2Driver@7169 (a43898a0)]&amp#27;[0m Server packages are not going to be (re)installed
[debug] &amp#27;[38;5;32m[AndroidUiautomator2Driver@7169 (a43898a0)]&amp#27;[0m Waiting up to 30000ms for services to be available
[debug] &amp#27;[38;5;64m[ADB]&amp#27;[0m Running 'C:\Users\DELL\AppData\Local\Android\Sdk\platform-tools\adb.exe -P 5037 -s emulator-5554 shell pm list instrumentation'
[debug] &amp#27;[38;5;32m[AndroidUiautomator2Driver@7169 (a43898a0)]&amp#27;[0m Instrumentation target 'io.appium.uiautomator2.server.test/androidx.test.runner.AndroidJUnitRunner' is available
&amp#27;[38;5;64m[ADB]&amp#27;[0m Adding packages ["io.appium.settings","io.appium.uiautomator2.server","io.appium.uiautomator2.server.test"] to Doze whitelist
[debug] &amp#27;[38;5;64m[ADB]&amp#27;[0m Got the following command chunks to execute: [["dumpsys","deviceidle","whitelist","+io.appium.settings",";","dumpsys","deviceidle","whitelist","+io.appium.uiautomator2.server",";","dumpsys","deviceidle","whitelist","+io.appium.uiautomator2.server.test",";"]]
[debug] &amp#27;[38;5;64m[ADB]&amp#27;[0m Running 'C:\Users\DELL\AppData\Local\Android\Sdk\platform-tools\adb.exe -P 5037 -s emulator-5554 shell dumpsys deviceidle whitelist +io.appium.settings ; dumpsys deviceidle whitelist +io.appium.uiautomator2.server ; dumpsys deviceidle whitelist +io.appium.uiautomator2.server.test ;'
[debug] &amp#27;[38;5;64m[ADB]&amp#27;[0m Getting install status for com.androidsample.generalstore
[debug] &amp#27;[38;5;64m[ADB]&amp#27;[0m Running 'C:\Users\DELL\AppData\Local\Android\Sdk\platform-tools\adb.exe -P 5037 -s emulator-5554 shell pm path com.androidsample.generalstore'
[debug] &amp#27;[38;5;64m[ADB]&amp#27;[0m 'com.androidsample.generalstore' is installed
[debug] &amp#27;[38;5;32m[AndroidUiautomator2Driver@7169 (a43898a0)]&amp#27;[0m noReset has been requested and the app is already installed. Doing nothing
[debug] &amp#27;[38;5;32m[AndroidUiautomator2Driver@7169 (a43898a0)]&amp#27;[0m Performing shallow cleanup of automation leftovers
[debug] &amp#27;[38;5;32m[AndroidUiautomator2Driver@7169 (a43898a0)]&amp#27;[0m No obsolete sessions have been detected (socket hang up)
[debug] &amp#27;[38;5;64m[ADB]&amp#27;[0m Running 'C:\Users\DELL\AppData\Local\Android\Sdk\platform-tools\adb.exe -P 5037 -s emulator-5554 shell am force-stop io.appium.uiautomator2.server.test'
&amp#27;[38;5;32m[AndroidUiautomator2Driver@7169 (a43898a0)]&amp#27;[0m Starting UIAutomator2 server 5.12.7
&amp#27;[38;5;32m[AndroidUiautomator2Driver@7169 (a43898a0)]&amp#27;[0m Using UIAutomator2 server from 'C:\Users\DELL\.appium\node_modules\appium-uiautomator2-driver\node_modules\appium-uiautomator2-server\apks\appium-uiautomator2-server-v5.12.7.apk' and test from 'C:\Users\DELL\.appium\node_modules\appium-uiautomator2-driver\node_modules\appium-uiautomator2-server\apks\appium-uiautomator2-server-debug-androidTest.apk'
&amp#27;[38;5;32m[AndroidUiautomator2Driver@7169 (a43898a0)]&amp#27;[0m Waiting up to 30000ms for UiAutomator2 to be online...
[debug] &amp#27;[38;5;64m[ADB]&amp#27;[0m Creating ADB subprocess with args: ["-P","5037","-s","emulator-5554","shell","am","instrument","-w","-e","disableAnalytics","true","io.appium.uiautomator2.server.test/androidx.test.runner.AndroidJUnitRunner"]
[debug] &amp#27;[38;5;32m[AndroidUiautomator2Driver@7169 (a43898a0)]&amp#27;[0m Matched '/status' to command name 'getStatus'
[debug] &amp#27;[38;5;32m[AndroidUiautomator2Driver@7169 (a43898a0)]&amp#27;[0m Proxying [GET /status] to [GET http://127.0.0.1:8200/status] with no body
&amp#27;[38;5;32m[AndroidUiautomator2Driver@7169 (a43898a0)]&amp#27;[0m socket hang up
[debug] &amp#27;[38;5;112m[Instrumentation]&amp#27;[0m io.appium.uiautomator2.server.test.AppiumUiAutomator2Server:
[debug] &amp#27;[38;5;32m[AndroidUiautomator2Driver@7169 (a43898a0)]&amp#27;[0m Matched '/status' to command name 'getStatus'
[debug] &amp#27;[38;5;32m[AndroidUiautomator2Driver@7169 (a43898a0)]&amp#27;[0m Proxying [GET /status] to [GET http://127.0.0.1:8200/status] with no body
&amp#27;[38;5;32m[AndroidUiautomator2Driver@7169 (a43898a0)]&amp#27;[0m socket hang up
[debug] &amp#27;[38;5;32m[AndroidUiautomator2Driver@7169 (a43898a0)]&amp#27;[0m Matched '/status' to command name 'getStatus'
[debug] &amp#27;[38;5;32m[AndroidUiautomator2Driver@7169 (a43898a0)]&amp#27;[0m Proxying [GET /status] to [GET http://127.0.0.1:8200/status] with no body
[debug] &amp#27;[38;5;32m[AndroidUiautomator2Driver@7169 (a43898a0)]&amp#27;[0m Got response with status 200: {"sessionId":"None","value":{"message":"UiAutomator2 Server is ready to accept commands","ready":true}}
[debug] &amp#27;[38;5;32m[AndroidUiautomator2Driver@7169 (a43898a0)]&amp#27;[0m The initialization of the instrumentation process took 2127ms
[debug] &amp#27;[38;5;32m[AndroidUiautomator2Driver@7169 (a43898a0)]&amp#27;[0m Matched '/session' to command name 'createSession'
[debug] &amp#27;[38;5;32m[AndroidUiautomator2Driver@7169 (a43898a0)]&amp#27;[0m Proxying [POST /session] to [POST http://127.0.0.1:8200/session] with body: {"capabilities":{"firstMatch":[{"platformName":"ANDROID","app":"C:\\Users\\DELL\\eclipse-workspace\\AppiumFrameworkDesign//src//test//java//resources//General-Store.apk","appActivity":"com.androidsample.generalstore.MainActivity","appPackage":"com.androidsample.generalstore","automationName":"UiAutomator2","deviceName":"emulator-5554","noReset":true,"platformVersion":"14","platform":"LINUX","webStorageEnabled":false,"takesScreenshot":true,"javascriptEnabled":true,"databaseEnabled":false,"networkConnectionEnabled":true,"locationContextEnabled":false,"warnings":{},"desired":{"platformName":"ANDROID","app":"C:\\Users\\DELL\\eclipse-workspace\\AppiumFrameworkDesign//src//test//java//resources//General-Store.apk","appActivity":"com.androidsample.generalstore.MainActivity","appPackage":"com.androidsample.generalstore","automationName":"UiAutomator2","deviceName":"Google Pixcel AVD","noReset":true,"platformVersion":"14"},"deviceUDID":"emulator-5554"}],"alwaysMatch":{}}}
[debug] &amp#27;[38;5;32m[AndroidUiautomator2Driver@7169 (a43898a0)]&amp#27;[0m Got response with status 200: {"sessionId":"c25171e1-d0d4-4fe7-9107-68f11df06a1f","value":{"capabilities":{"firstMatch":[{"platformName":"ANDROID","app":"C:\\Users\\DELL\\eclipse-workspace\\AppiumFrameworkDesign//src//test//java//resources//General-Store.apk","appActivity":"com.androidsample.generalstore.MainActivity","appPackage":"com.androidsample.generalstore","automationName":"UiAutomator2","deviceName":"emulator-5554","noReset":true,"platformVersion":"14","platform":"LINUX","webStorageEnabled":false,"takesScreenshot":true,"javascriptEnabled":true,"databaseEnabled":false,"networkConnectionEnabled":true,"locationContextEnabled":false,"warnings":{},"desired":{"platformName":"ANDROID","app":"C:\\Users\\DELL\\eclipse-workspace\\AppiumFrameworkDesign//src//test//java//resources//General-Store.apk","appActivity":"com.androidsample.generalstore.MainActivity","appPackage":"com.androidsample.generalstore","automationName":"UiAutomator2","deviceName":"Google Pixcel AVD","noReset":true,"platformVersion":"14"},"deviceUDID":"emulator-5554"}],"a...
&amp#27;[38;5;32m[AndroidUiautomator2Driver@7169 (a43898a0)]&amp#27;[0m Determined the downstream protocol as 'W3C'
[debug] &amp#27;[38;5;32m[AndroidUiautomator2Driver@7169 (a43898a0)]&amp#27;[0m Proxying [GET /appium/device/pixel_ratio] to [GET http://127.0.0.1:8200/session/c25171e1-d0d4-4fe7-9107-68f11df06a1f/appium/device/pixel_ratio] with no body
[debug] &amp#27;[38;5;32m[AndroidUiautomator2Driver@7169 (a43898a0)]&amp#27;[0m Matched '/appium/device/system_bars' to command name 'getSystemBars'
[debug] &amp#27;[38;5;32m[AndroidUiautomator2Driver@7169 (a43898a0)]&amp#27;[0m Proxying [GET /appium/device/system_bars] to [GET http://127.0.0.1:8200/session/c25171e1-d0d4-4fe7-9107-68f11df06a1f/appium/device/system_bars] with no body
[debug] &amp#27;[38;5;32m[AndroidUiautomator2Driver@7169 (a43898a0)]&amp#27;[0m Matched '/window/current/size' to command name 'getWindowSize'
[debug] &amp#27;[38;5;32m[AndroidUiautomator2Driver@7169 (a43898a0)]&amp#27;[0m Proxying [GET /window/current/size] to [GET http://127.0.0.1:8200/session/c25171e1-d0d4-4fe7-9107-68f11df06a1f/window/current/size] with no body
[debug] &amp#27;[38;5;32m[AndroidUiautomator2Driver@7169 (a43898a0)]&amp#27;[0m Proxying [GET /appium/device/info] to [GET http://127.0.0.1:8200/session/c25171e1-d0d4-4fe7-9107-68f11df06a1f/appium/device/info] with no body
[debug] &amp#27;[38;5;64m[ADB]&amp#27;[0m Running 'C:\Users\DELL\AppData\Local\Android\Sdk\platform-tools\adb.exe -P 5037 -s emulator-5554 shell dumpsys window'
[debug] &amp#27;[38;5;32m[AndroidUiautomator2Driver@7169 (a43898a0)]&amp#27;[0m Got response with status 200: {"sessionId":"c25171e1-d0d4-4fe7-9107-68f11df06a1f","value":2.75}
[debug] &amp#27;[38;5;32m[AndroidUiautomator2Driver@7169 (a43898a0)]&amp#27;[0m Got response with status 200: {"sessionId":"c25171e1-d0d4-4fe7-9107-68f11df06a1f","value":{"height":2154,"width":1080}}
[debug] &amp#27;[38;5;32m[AndroidUiautomator2Driver@7169 (a43898a0)]&amp#27;[0m Got response with status 200: {"sessionId":"c25171e1-d0d4-4fe7-9107-68f11df06a1f","value":{"statusBar":66}}
[debug] &amp#27;[38;5;32m[AndroidUiautomator2Driver@7169 (a43898a0)]&amp#27;[0m Got response with status 200: {"sessionId":"c25171e1-d0d4-4fe7-9107-68f11df06a1f","value":{"androidId":"45a658ce238f3f7c","apiVersion":"34","bluetooth":{"state":"ON"},"brand":"google","carrierName":"T-Mobile","displayDensity":440,"locale":"en_US","manufacturer":"Google","model":"sdk_gphone64_x86_64","networks":[{"capabilities":{"SSID":null,"linkDownBandwidthKbps":4300,"linkUpstreamBandwidthKbps":1800,"networkCapabilities":"NET_CAPABILITY_MMS,NET_CAPABILITY_SUPL,NET_CAPABILITY_DUN,NET_CAPABILITY_FOTA,NET_CAPABILITY_IMS,NET_CAPABILITY_CBS,NET_CAPABILITY_INTERNET,NET_CAPABILITY_NOT_RESTRICTED,NET_CAPABILITY_TRUSTED,NET_CAPABILITY_NOT_VPN,NET_CAPABILITY_VALIDATED,NET_CAPABILITY_NOT_ROAMING,NET_CAPABILITY_NOT_CONGESTED,NET_CAPABILITY_NOT_SUSPENDED","signalStrength":-2147483648,"transportTypes":"TRANSPORT_CELLULAR"},"detailedState":"CONNECTED","extraInfo":"epc.tmobile.com","isAvailable":true,"isConnected":true,"isFailover":false,"isRoaming":false,"state":"CONNECTED","subtype":10,"subtypeName":"HSPA","type":0,"typeName":"MOBILE"},{"capabiliti...
&amp#27;[38;5;80m[AndroidDriver]&amp#27;[0m Screen already unlocked, doing nothing
&amp#27;[38;5;32m[AndroidUiautomator2Driver@7169 (a43898a0)]&amp#27;[0m Starting 'com.androidsample.generalstore/com.androidsample.generalstore.MainActivity and waiting for 'com.androidsample.generalstore/com.androidsample.generalstore.MainActivity'
[debug] &amp#27;[38;5;64m[ADB]&amp#27;[0m Getting IDs of all 'com.androidsample.generalstore' processes
[debug] &amp#27;[38;5;64m[ADB]&amp#27;[0m Running 'C:\Users\DELL\AppData\Local\Android\Sdk\platform-tools\adb.exe -P 5037 -s emulator-5554 shell pgrep -f \(\[\[:blank:\]\]\|\^\)com\.androidsample\.generalstore\(\[\[:blank:\]\]\|\$\)'
&amp#27;[38;5;32m[AndroidUiautomator2Driver@7169 (a43898a0)]&amp#27;[0m 'com.androidsample.generalstore' is already running and noReset is enabled. Set forceAppLaunch capability to true if the app must be forcefully restarted on session startup.
&amp#27;[38;5;16m[AppiumDriver@608c]&amp#27;[0m New AndroidUiautomator2Driver session created successfully, session a43898a0-6eb2-4904-abb6-8d14d4aafbd4 added to master session list
[debug] &amp#27;[38;5;16m[AppiumDriver@608c]&amp#27;[0m Event 'newSessionStarted' logged at 1706622442516 (19:17:22 GMT+0530 (India Standard Time))
[debug] &amp#27;[38;5;32m[AndroidUiautomator2Driver@7169 (a43898a0)]&amp#27;[0m Cached the protocol value 'W3C' for the new session a43898a0-6eb2-4904-abb6-8d14d4aafbd4
[debug] &amp#27;[38;5;32m[AndroidUiautomator2Driver@7169 (a43898a0)]&amp#27;[0m Responding to client with driver.createSession() result: {"capabilities":{"platformName":"ANDROID","app":"C:\\Users\\DELL\\eclipse-workspace\\AppiumFrameworkDesign//src//test//java//resources//General-Store.apk","appActivity":"com.androidsample.generalstore.MainActivity","appPackage":"com.androidsample.generalstore","automationName":"UiAutomator2","deviceName":"emulator-5554","noReset":true,"platformVersion":"14","platform":"LINUX","webStorageEnabled":false,"takesScreenshot":true,"javascriptEnabled":true,"databaseEnabled":false,"networkConnectionEnabled":true,"locationContextEnabled":false,"warnings":{},"desired":{"platformName":"ANDROID","app":"C:\\Users\\DELL\\eclipse-workspace\\AppiumFrameworkDesign//src//test//java//resources//General-Store.apk","appActivity":"com.androidsample.generalstore.MainActivity","appPackage":"com.androidsample.generalstore","automationName":"UiAutomator2","deviceName":"Google Pixcel AVD","noReset":true,"platformVersion":"14"},"deviceUDID":"emulator-5554","pixelRatio":"2.75","statBarHeight":66,"viewportRect":{"left":0,"top":66,"width...
&amp#27;[38;5;0m[HTTP]&amp#27;[0m &amp#27;[37m<-- POST /session &amp#27;[39m&amp#27;[32m200&amp#27;[39m &amp#27;[90m4443 ms - 1248&amp#27;[39m
&amp#27;[38;5;0m[HTTP]&amp#27;[0m &amp#27;[90m&amp#27;[39m
&amp#27;[38;5;0m[HTTP]&amp#27;[0m &amp#27;[37m-->&amp#27;[39m &amp#27;[37mPOST&amp#27;[39m &amp#27;[37m/session/a43898a0-6eb2-4904-abb6-8d14d4aafbd4/timeouts&amp#27;[39m
&amp#27;[38;5;0m[HTTP]&amp#27;[0m &amp#27;[90m{"implicit":20000}&amp#27;[39m
[debug] &amp#27;[38;5;32m[AndroidUiautomator2Driver@7169 (a43898a0)]&amp#27;[0m Calling AppiumDriver.timeouts() with args: [null,null,null,null,20000,"a43898a0-6eb2-4904-abb6-8d14d4aafbd4"]
[debug] &amp#27;[38;5;32m[AndroidUiautomator2Driver@7169 (a43898a0)]&amp#27;[0m W3C timeout argument: {"implicit":20000}}
[debug] &amp#27;[38;5;32m[AndroidUiautomator2Driver@7169 (a43898a0)]&amp#27;[0m Set implicit wait to 20000ms
[debug] &amp#27;[38;5;32m[AndroidUiautomator2Driver@7169 (a43898a0)]&amp#27;[0m Responding to client with driver.timeouts() result: null
&amp#27;[38;5;0m[HTTP]&amp#27;[0m &amp#27;[37m<-- POST /session/a43898a0-6eb2-4904-abb6-8d14d4aafbd4/timeouts &amp#27;[39m&amp#27;[32m200&amp#27;[39m &amp#27;[90m9 ms - 14&amp#27;[39m
&amp#27;[38;5;0m[HTTP]&amp#27;[0m &amp#27;[90m&amp#27;[39m
&amp#27;[38;5;0m[HTTP]&amp#27;[0m &amp#27;[37m-->&amp#27;[39m &amp#27;[37mPOST&amp#27;[39m &amp#27;[37m/session/a43898a0-6eb2-4904-abb6-8d14d4aafbd4/element&amp#27;[39m
&amp#27;[38;5;0m[HTTP]&amp#27;[0m &amp#27;[90m{"using":"id","value":"com.androidsample.generalstore:id/spinnerCountry"}&amp#27;[39m
[debug] &amp#27;[38;5;32m[AndroidUiautomator2Driver@7169 (a43898a0)]&amp#27;[0m Calling AppiumDriver.findElement() with args: ["id","com.androidsample.generalstore:id/spinnerCountry","a43898a0-6eb2-4904-abb6-8d14d4aafbd4"]
[debug] &amp#27;[38;5;32m[AndroidUiautomator2Driver@7169 (a43898a0)]&amp#27;[0m Valid locator strategies for this request: xpath, id, class name, accessibility id, css selector, -android uiautomator
[debug] &amp#27;[38;5;32m[AndroidUiautomator2Driver@7169 (a43898a0)]&amp#27;[0m Waiting up to 20000 ms for condition
[debug] &amp#27;[38;5;32m[AndroidUiautomator2Driver@7169 (a43898a0)]&amp#27;[0m Matched '/element' to command name 'findElement'
[debug] &amp#27;[38;5;32m[AndroidUiautomator2Driver@7169 (a43898a0)]&amp#27;[0m Proxying [POST /element] to [POST http://127.0.0.1:8200/session/c25171e1-d0d4-4fe7-9107-68f11df06a1f/element] with body: {"strategy":"id","selector":"com.androidsample.generalstore:id/spinnerCountry","context":"","multiple":false}
[debug] &amp#27;[38;5;32m[AndroidUiautomator2Driver@7169 (a43898a0)]&amp#27;[0m Got response with status 200: {"sessionId":"c25171e1-d0d4-4fe7-9107-68f11df06a1f","value":{"ELEMENT":"00000000-0000-005c-ffff-ffff000000ce","element-6066-11e4-a52e-4f735466cecf":"00000000-0000-005c-ffff-ffff000000ce"}}
[debug] &amp#27;[38;5;32m[AndroidUiautomator2Driver@7169 (a43898a0)]&amp#27;[0m Responding to client with driver.findElement() result: {"element-6066-11e4-a52e-4f735466cecf":"00000000-0000-005c-ffff-ffff000000ce","ELEMENT":"00000000-0000-005c-ffff-ffff000000ce"}
&amp#27;[38;5;0m[HTTP]&amp#27;[0m &amp#27;[37m<-- POST /session/a43898a0-6eb2-4904-abb6-8d14d4aafbd4/element &amp#27;[39m&amp#27;[32m200&amp#27;[39m &amp#27;[90m62 ms - 137&amp#27;[39m
&amp#27;[38;5;0m[HTTP]&amp#27;[0m &amp#27;[90m&amp#27;[39m
&amp#27;[38;5;0m[HTTP]&amp#27;[0m &amp#27;[37m-->&amp#27;[39m &amp#27;[37mPOST&amp#27;[39m &amp#27;[37m/session/a43898a0-6eb2-4904-abb6-8d14d4aafbd4/element/00000000-0000-005c-ffff-ffff000000ce/click&amp#27;[39m
&amp#27;[38;5;0m[HTTP]&amp#27;[0m &amp#27;[90m{"id":"00000000-0000-005c-ffff-ffff000000ce"}&amp#27;[39m
[debug] &amp#27;[38;5;32m[AndroidUiautomator2Driver@7169 (a43898a0)]&amp#27;[0m Calling AppiumDriver.click() with args: ["00000000-0000-005c-ffff-ffff000000ce","a43898a0-6eb2-4904-abb6-8d14d4aafbd4"]
[debug] &amp#27;[38;5;32m[AndroidUiautomator2Driver@7169 (a43898a0)]&amp#27;[0m Matched '/element/00000000-0000-005c-ffff-ffff000000ce/click' to command name 'click'
[debug] &amp#27;[38;5;32m[AndroidUiautomator2Driver@7169 (a43898a0)]&amp#27;[0m Proxying [POST /element/00000000-0000-005c-ffff-ffff000000ce/click] to [POST http://127.0.0.1:8200/session/c25171e1-d0d4-4fe7-9107-68f11df06a1f/element/00000000-0000-005c-ffff-ffff000000ce/click] with body: {"element":"00000000-0000-005c-ffff-ffff000000ce"}
[debug] &amp#27;[38;5;32m[AndroidUiautomator2Driver@7169 (a43898a0)]&amp#27;[0m Got response with status 200: {"sessionId":"c25171e1-d0d4-4fe7-9107-68f11df06a1f","value":null}
[debug] &amp#27;[38;5;32m[AndroidUiautomator2Driver@7169 (a43898a0)]&amp#27;[0m Responding to client with driver.click() result: null
&amp#27;[38;5;0m[HTTP]&amp#27;[0m &amp#27;[37m<-- POST /session/a43898a0-6eb2-4904-abb6-8d14d4aafbd4/element/00000000-0000-005c-ffff-ffff000000ce/click &amp#27;[39m&amp#27;[32m200&amp#27;[39m &amp#27;[90m67 ms - 14&amp#27;[39m
&amp#27;[38;5;0m[HTTP]&amp#27;[0m &amp#27;[90m&amp#27;[39m
&amp#27;[38;5;0m[HTTP]&amp#27;[0m &amp#27;[37m-->&amp#27;[39m &amp#27;[37mPOST&amp#27;[39m &amp#27;[37m/session/a43898a0-6eb2-4904-abb6-8d14d4aafbd4/element&amp#27;[39m
&amp#27;[38;5;0m[HTTP]&amp#27;[0m &amp#27;[90m{"using":"-android uiautomator","value":"new UiScrollable(new UiSelector().scrollable(true)).scrollIntoView(text(\"Argentina\"))"}&amp#27;[39m
[debug] &amp#27;[38;5;32m[AndroidUiautomator2Driver@7169 (a43898a0)]&amp#27;[0m Calling AppiumDriver.findElement() with args: ["-android uiautomator","new UiScrollable(new UiSelector().scrollable(true)).scrollIntoView(text(\"Argentina\"))","a43898a0-6eb2-4904-abb6-8d14d4aafbd4"]
[debug] &amp#27;[38;5;32m[AndroidUiautomator2Driver@7169 (a43898a0)]&amp#27;[0m Valid locator strategies for this request: xpath, id, class name, accessibility id, css selector, -android uiautomator
[debug] &amp#27;[38;5;32m[AndroidUiautomator2Driver@7169 (a43898a0)]&amp#27;[0m Waiting up to 20000 ms for condition
[debug] &amp#27;[38;5;32m[AndroidUiautomator2Driver@7169 (a43898a0)]&amp#27;[0m Matched '/element' to command name 'findElement'
[debug] &amp#27;[38;5;32m[AndroidUiautomator2Driver@7169 (a43898a0)]&amp#27;[0m Proxying [POST /element] to [POST http://127.0.0.1:8200/session/c25171e1-d0d4-4fe7-9107-68f11df06a1f/element] with body: {"strategy":"-android uiautomator","selector":"new UiScrollable(new UiSelector().scrollable(true)).scrollIntoView(text(\"Argentina\"))","context":"","multiple":false}
[debug] &amp#27;[38;5;32m[AndroidUiautomator2Driver@7169 (a43898a0)]&amp#27;[0m Got response with status 200: {"sessionId":"c25171e1-d0d4-4fe7-9107-68f11df06a1f","value":{"ELEMENT":"00000000-0000-0063-ffff-ffff000000e6","element-6066-11e4-a52e-4f735466cecf":"00000000-0000-0063-ffff-ffff000000e6"}}
[debug] &amp#27;[38;5;32m[AndroidUiautomator2Driver@7169 (a43898a0)]&amp#27;[0m Responding to client with driver.findElement() result: {"element-6066-11e4-a52e-4f735466cecf":"00000000-0000-0063-ffff-ffff000000e6","ELEMENT":"00000000-0000-0063-ffff-ffff000000e6"}
&amp#27;[38;5;0m[HTTP]&amp#27;[0m &amp#27;[37m<-- POST /session/a43898a0-6eb2-4904-abb6-8d14d4aafbd4/element &amp#27;[39m&amp#27;[32m200&amp#27;[39m &amp#27;[90m4196 ms - 137&amp#27;[39m
&amp#27;[38;5;0m[HTTP]&amp#27;[0m &amp#27;[90m&amp#27;[39m
&amp#27;[38;5;0m[HTTP]&amp#27;[0m &amp#27;[37m-->&amp#27;[39m &amp#27;[37mPOST&amp#27;[39m &amp#27;[37m/session/a43898a0-6eb2-4904-abb6-8d14d4aafbd4/element/00000000-0000-0063-ffff-ffff000000e6/click&amp#27;[39m
&amp#27;[38;5;0m[HTTP]&amp#27;[0m &amp#27;[90m{"id":"00000000-0000-0063-ffff-ffff000000e6"}&amp#27;[39m
[debug] &amp#27;[38;5;32m[AndroidUiautomator2Driver@7169 (a43898a0)]&amp#27;[0m Calling AppiumDriver.click() with args: ["00000000-0000-0063-ffff-ffff000000e6","a43898a0-6eb2-4904-abb6-8d14d4aafbd4"]
[debug] &amp#27;[38;5;32m[AndroidUiautomator2Driver@7169 (a43898a0)]&amp#27;[0m Matched '/element/00000000-0000-0063-ffff-ffff000000e6/click' to command name 'click'
[debug] &amp#27;[38;5;32m[AndroidUiautomator2Driver@7169 (a43898a0)]&amp#27;[0m Proxying [POST /element/00000000-0000-0063-ffff-ffff000000e6/click] to [POST http://127.0.0.1:8200/session/c25171e1-d0d4-4fe7-9107-68f11df06a1f/element/00000000-0000-0063-ffff-ffff000000e6/click] with body: {"element":"00000000-0000-0063-ffff-ffff000000e6"}
[debug] &amp#27;[38;5;32m[AndroidUiautomator2Driver@7169 (a43898a0)]&amp#27;[0m Got response with status 200: {"sessionId":"c25171e1-d0d4-4fe7-9107-68f11df06a1f","value":null}
[debug] &amp#27;[38;5;32m[AndroidUiautomator2Driver@7169 (a43898a0)]&amp#27;[0m Responding to client with driver.click() result: null
&amp#27;[38;5;0m[HTTP]&amp#27;[0m &amp#27;[37m<-- POST /session/a43898a0-6eb2-4904-abb6-8d14d4aafbd4/element/00000000-0000-0063-ffff-ffff000000e6/click &amp#27;[39m&amp#27;[32m200&amp#27;[39m &amp#27;[90m694 ms - 14&amp#27;[39m
&amp#27;[38;5;0m[HTTP]&amp#27;[0m &amp#27;[90m&amp#27;[39m
&amp#27;[38;5;0m[HTTP]&amp#27;[0m &amp#27;[37m-->&amp#27;[39m &amp#27;[37mPOST&amp#27;[39m &amp#27;[37m/session/a43898a0-6eb2-4904-abb6-8d14d4aafbd4/element&amp#27;[39m
&amp#27;[38;5;0m[HTTP]&amp#27;[0m &amp#27;[90m{"using":"id","value":"com.androidsample.generalstore:id/nameField"}&amp#27;[39m
[debug] &amp#27;[38;5;32m[AndroidUiautomator2Driver@7169 (a43898a0)]&amp#27;[0m Calling AppiumDriver.findElement() with args: ["id","com.androidsample.generalstore:id/nameField","a43898a0-6eb2-4904-abb6-8d14d4aafbd4"]
[debug] &amp#27;[38;5;32m[AndroidUiautomator2Driver@7169 (a43898a0)]&amp#27;[0m Valid locator strategies for this request: xpath, id, class name, accessibility id, css selector, -android uiautomator
[debug] &amp#27;[38;5;32m[AndroidUiautomator2Driver@7169 (a43898a0)]&amp#27;[0m Waiting up to 20000 ms for condition
[debug] &amp#27;[38;5;32m[AndroidUiautomator2Driver@7169 (a43898a0)]&amp#27;[0m Matched '/element' to command name 'findElement'
[debug] &amp#27;[38;5;32m[AndroidUiautomator2Driver@7169 (a43898a0)]&amp#27;[0m Proxying [POST /element] to [POST http://127.0.0.1:8200/session/c25171e1-d0d4-4fe7-9107-68f11df06a1f/element] with body: {"strategy":"id","selector":"com.androidsample.generalstore:id/nameField","context":"","multiple":false}
[debug] &amp#27;[38;5;32m[AndroidUiautomator2Driver@7169 (a43898a0)]&amp#27;[0m Got response with status 200: {"sessionId":"c25171e1-d0d4-4fe7-9107-68f11df06a1f","value":{"ELEMENT":"00000000-0000-005c-ffff-ffff000000d0","element-6066-11e4-a52e-4f735466cecf":"00000000-0000-005c-ffff-ffff000000d0"}}
[debug] &amp#27;[38;5;32m[AndroidUiautomator2Driver@7169 (a43898a0)]&amp#27;[0m Responding to client with driver.findElement() result: {"element-6066-11e4-a52e-4f735466cecf":"00000000-0000-005c-ffff-ffff000000d0","ELEMENT":"00000000-0000-005c-ffff-ffff000000d0"}
&amp#27;[38;5;0m[HTTP]&amp#27;[0m &amp#27;[37m<-- POST /session/a43898a0-6eb2-4904-abb6-8d14d4aafbd4/element &amp#27;[39m&amp#27;[32m200&amp#27;[39m &amp#27;[90m30 ms - 137&amp#27;[39m
&amp#27;[38;5;0m[HTTP]&amp#27;[0m &amp#27;[90m&amp#27;[39m
&amp#27;[38;5;0m[HTTP]&amp#27;[0m &amp#27;[37m-->&amp#27;[39m &amp#27;[37mPOST&amp#27;[39m &amp#27;[37m/session/a43898a0-6eb2-4904-abb6-8d14d4aafbd4/element/00000000-0000-005c-ffff-ffff000000d0/value&amp#27;[39m
&amp#27;[38;5;0m[HTTP]&amp#27;[0m &amp#27;[90m{"id":"00000000-0000-005c-ffff-ffff000000d0","text":"Test","value":["T","e","s","t"]}&amp#27;[39m
[debug] &amp#27;[38;5;32m[AndroidUiautomator2Driver@7169 (a43898a0)]&amp#27;[0m Calling AppiumDriver.setValue() with args: [["T","e","s","t"],"00000000-0000-005c-ffff-ffff000000d0","a43898a0-6eb2-4904-abb6-8d14d4aafbd4"]
[debug] &amp#27;[38;5;32m[AndroidUiautomator2Driver@7169 (a43898a0)]&amp#27;[0m Matched '/element/00000000-0000-005c-ffff-ffff000000d0/value' to command name 'setValue'
[debug] &amp#27;[38;5;32m[AndroidUiautomator2Driver@7169 (a43898a0)]&amp#27;[0m Added 'value' property ["T","e","s","t"] to 'setValue' request body
[debug] &amp#27;[38;5;32m[AndroidUiautomator2Driver@7169 (a43898a0)]&amp#27;[0m Proxying [POST /element/00000000-0000-005c-ffff-ffff000000d0/value] to [POST http://127.0.0.1:8200/session/c25171e1-d0d4-4fe7-9107-68f11df06a1f/element/00000000-0000-005c-ffff-ffff000000d0/value] with body: {"elementId":"00000000-0000-005c-ffff-ffff000000d0","text":"Test","replace":false,"value":["T","e","s","t"]}
[debug] &amp#27;[38;5;32m[AndroidUiautomator2Driver@7169 (a43898a0)]&amp#27;[0m Got response with status 200: {"sessionId":"c25171e1-d0d4-4fe7-9107-68f11df06a1f","value":null}
[debug] &amp#27;[38;5;32m[AndroidUiautomator2Driver@7169 (a43898a0)]&amp#27;[0m Responding to client with driver.setValue() result: null
&amp#27;[38;5;0m[HTTP]&amp#27;[0m &amp#27;[37m<-- POST /session/a43898a0-6eb2-4904-abb6-8d14d4aafbd4/element/00000000-0000-005c-ffff-ffff000000d0/value &amp#27;[39m&amp#27;[32m200&amp#27;[39m &amp#27;[90m73 ms - 14&amp#27;[39m
&amp#27;[38;5;0m[HTTP]&amp#27;[0m &amp#27;[90m&amp#27;[39m
&amp#27;[38;5;0m[HTTP]&amp#27;[0m &amp#27;[37m-->&amp#27;[39m &amp#27;[37mPOST&amp#27;[39m &amp#27;[37m/session/a43898a0-6eb2-4904-abb6-8d14d4aafbd4/execute/sync&amp#27;[39m
&amp#27;[38;5;0m[HTTP]&amp#27;[0m &amp#27;[90m{"script":"mobile: hideKeyboard","args":[]}&amp#27;[39m
[debug] &amp#27;[38;5;32m[AndroidUiautomator2Driver@7169 (a43898a0)]&amp#27;[0m Calling AppiumDriver.execute() with args: ["mobile: hideKeyboard",[],"a43898a0-6eb2-4904-abb6-8d14d4aafbd4"]
&amp#27;[38;5;32m[AndroidUiautomator2Driver@7169 (a43898a0)]&amp#27;[0m Executing method 'mobile: hideKeyboard'
[debug] &amp#27;[38;5;64m[ADB]&amp#27;[0m Running 'C:\Users\DELL\AppData\Local\Android\Sdk\platform-tools\adb.exe -P 5037 -s emulator-5554 shell dumpsys input_method'
&amp#27;[38;5;64m[ADB]&amp#27;[0m Keyboard has no UI; no closing necessary
[debug] &amp#27;[38;5;32m[AndroidUiautomator2Driver@7169 (a43898a0)]&amp#27;[0m Responding to client with driver.execute() result: false
&amp#27;[38;5;0m[HTTP]&amp#27;[0m &amp#27;[37m<-- POST /session/a43898a0-6eb2-4904-abb6-8d14d4aafbd4/execute/sync &amp#27;[39m&amp#27;[32m200&amp#27;[39m &amp#27;[90m235 ms - 15&amp#27;[39m
&amp#27;[38;5;0m[HTTP]&amp#27;[0m &amp#27;[90m&amp#27;[39m
&amp#27;[38;5;0m[HTTP]&amp#27;[0m &amp#27;[37m-->&amp#27;[39m &amp#27;[37mPOST&amp#27;[39m &amp#27;[37m/session/a43898a0-6eb2-4904-abb6-8d14d4aafbd4/element&amp#27;[39m
&amp#27;[38;5;0m[HTTP]&amp#27;[0m &amp#27;[90m{"using":"id","value":"com.androidsample.generalstore:id/radioMale"}&amp#27;[39m
[debug] &amp#27;[38;5;32m[AndroidUiautomator2Driver@7169 (a43898a0)]&amp#27;[0m Calling AppiumDriver.findElement() with args: ["id","com.androidsample.generalstore:id/radioMale","a43898a0-6eb2-4904-abb6-8d14d4aafbd4"]
[debug] &amp#27;[38;5;32m[AndroidUiautomator2Driver@7169 (a43898a0)]&amp#27;[0m Valid locator strategies for this request: xpath, id, class name, accessibility id, css selector, -android uiautomator
[debug] &amp#27;[38;5;32m[AndroidUiautomator2Driver@7169 (a43898a0)]&amp#27;[0m Waiting up to 20000 ms for condition
[debug] &amp#27;[38;5;32m[AndroidUiautomator2Driver@7169 (a43898a0)]&amp#27;[0m Matched '/element' to command name 'findElement'
[debug] &amp#27;[38;5;32m[AndroidUiautomator2Driver@7169 (a43898a0)]&amp#27;[0m Proxying [POST /element] to [POST http://127.0.0.1:8200/session/c25171e1-d0d4-4fe7-9107-68f11df06a1f/element] with body: {"strategy":"id","selector":"com.androidsample.generalstore:id/radioMale","context":"","multiple":false}
[debug] &amp#27;[38;5;32m[AndroidUiautomator2Driver@7169 (a43898a0)]&amp#27;[0m Got response with status 200: {"sessionId":"c25171e1-d0d4-4fe7-9107-68f11df06a1f","value":{"ELEMENT":"00000000-0000-005c-ffff-ffff000000d3","element-6066-11e4-a52e-4f735466cecf":"00000000-0000-005c-ffff-ffff000000d3"}}
[debug] &amp#27;[38;5;32m[AndroidUiautomator2Driver@7169 (a43898a0)]&amp#27;[0m Responding to client with driver.findElement() result: {"element-6066-11e4-a52e-4f735466cecf":"00000000-0000-005c-ffff-ffff000000d3","ELEMENT":"00000000-0000-005c-ffff-ffff000000d3"}
&amp#27;[38;5;0m[HTTP]&amp#27;[0m &amp#27;[37m<-- POST /session/a43898a0-6eb2-4904-abb6-8d14d4aafbd4/element &amp#27;[39m&amp#27;[32m200&amp#27;[39m &amp#27;[90m274 ms - 137&amp#27;[39m
&amp#27;[38;5;0m[HTTP]&amp#27;[0m &amp#27;[90m&amp#27;[39m
&amp#27;[38;5;0m[HTTP]&amp#27;[0m &amp#27;[37m-->&amp#27;[39m &amp#27;[37mPOST&amp#27;[39m &amp#27;[37m/session/a43898a0-6eb2-4904-abb6-8d14d4aafbd4/element/00000000-0000-005c-ffff-ffff000000d3/click&amp#27;[39m
&amp#27;[38;5;0m[HTTP]&amp#27;[0m &amp#27;[90m{"id":"00000000-0000-005c-ffff-ffff000000d3"}&amp#27;[39m
[debug] &amp#27;[38;5;32m[AndroidUiautomator2Driver@7169 (a43898a0)]&amp#27;[0m Calling AppiumDriver.click() with args: ["00000000-0000-005c-ffff-ffff000000d3","a43898a0-6eb2-4904-abb6-8d14d4aafbd4"]
[debug] &amp#27;[38;5;32m[AndroidUiautomator2Driver@7169 (a43898a0)]&amp#27;[0m Matched '/element/00000000-0000-005c-ffff-ffff000000d3/click' to command name 'click'
[debug] &amp#27;[38;5;32m[AndroidUiautomator2Driver@7169 (a43898a0)]&amp#27;[0m Proxying [POST /element/00000000-0000-005c-ffff-ffff000000d3/click] to [POST http://127.0.0.1:8200/session/c25171e1-d0d4-4fe7-9107-68f11df06a1f/element/00000000-0000-005c-ffff-ffff000000d3/click] with body: {"element":"00000000-0000-005c-ffff-ffff000000d3"}
[debug] &amp#27;[38;5;32m[AndroidUiautomator2Driver@7169 (a43898a0)]&amp#27;[0m Got response with status 200: {"sessionId":"c25171e1-d0d4-4fe7-9107-68f11df06a1f","value":null}
[debug] &amp#27;[38;5;32m[AndroidUiautomator2Driver@7169 (a43898a0)]&amp#27;[0m Responding to client with driver.click() result: null
&amp#27;[38;5;0m[HTTP]&amp#27;[0m &amp#27;[37m<-- POST /session/a43898a0-6eb2-4904-abb6-8d14d4aafbd4/element/00000000-0000-005c-ffff-ffff000000d3/click &amp#27;[39m&amp#27;[32m200&amp#27;[39m &amp#27;[90m60 ms - 14&amp#27;[39m
&amp#27;[38;5;0m[HTTP]&amp#27;[0m &amp#27;[90m&amp#27;[39m
&amp#27;[38;5;0m[HTTP]&amp#27;[0m &amp#27;[37m-->&amp#27;[39m &amp#27;[37mPOST&amp#27;[39m &amp#27;[37m/session/a43898a0-6eb2-4904-abb6-8d14d4aafbd4/element&amp#27;[39m
&amp#27;[38;5;0m[HTTP]&amp#27;[0m &amp#27;[90m{"using":"id","value":"com.androidsample.generalstore:id/btnLetsShop"}&amp#27;[39m
[debug] &amp#27;[38;5;32m[AndroidUiautomator2Driver@7169 (a43898a0)]&amp#27;[0m Calling AppiumDriver.findElement() with args: ["id","com.androidsample.generalstore:id/btnLetsShop","a43898a0-6eb2-4904-abb6-8d14d4aafbd4"]
[debug] &amp#27;[38;5;32m[AndroidUiautomator2Driver@7169 (a43898a0)]&amp#27;[0m Valid locator strategies for this request: xpath, id, class name, accessibility id, css selector, -android uiautomator
[debug] &amp#27;[38;5;32m[AndroidUiautomator2Driver@7169 (a43898a0)]&amp#27;[0m Waiting up to 20000 ms for condition
[debug] &amp#27;[38;5;32m[AndroidUiautomator2Driver@7169 (a43898a0)]&amp#27;[0m Matched '/element' to command name 'findElement'
[debug] &amp#27;[38;5;32m[AndroidUiautomator2Driver@7169 (a43898a0)]&amp#27;[0m Proxying [POST /element] to [POST http://127.0.0.1:8200/session/c25171e1-d0d4-4fe7-9107-68f11df06a1f/element] with body: {"strategy":"id","selector":"com.androidsample.generalstore:id/btnLetsShop","context":"","multiple":false}
[debug] &amp#27;[38;5;32m[AndroidUiautomator2Driver@7169 (a43898a0)]&amp#27;[0m Got response with status 200: {"sessionId":"c25171e1-d0d4-4fe7-9107-68f11df06a1f","value":{"ELEMENT":"00000000-0000-005c-ffff-ffff000000d5","element-6066-11e4-a52e-4f735466cecf":"00000000-0000-005c-ffff-ffff000000d5"}}
[debug] &amp#27;[38;5;32m[AndroidUiautomator2Driver@7169 (a43898a0)]&amp#27;[0m Responding to client with driver.findElement() result: {"element-6066-11e4-a52e-4f735466cecf":"00000000-0000-005c-ffff-ffff000000d5","ELEMENT":"00000000-0000-005c-ffff-ffff000000d5"}
&amp#27;[38;5;0m[HTTP]&amp#27;[0m &amp#27;[37m<-- POST /session/a43898a0-6eb2-4904-abb6-8d14d4aafbd4/element &amp#27;[39m&amp#27;[32m200&amp#27;[39m &amp#27;[90m550 ms - 137&amp#27;[39m
&amp#27;[38;5;0m[HTTP]&amp#27;[0m &amp#27;[90m&amp#27;[39m
&amp#27;[38;5;0m[HTTP]&amp#27;[0m &amp#27;[37m-->&amp#27;[39m &amp#27;[37mPOST&amp#27;[39m &amp#27;[37m/session/a43898a0-6eb2-4904-abb6-8d14d4aafbd4/element/00000000-0000-005c-ffff-ffff000000d5/click&amp#27;[39m
&amp#27;[38;5;0m[HTTP]&amp#27;[0m &amp#27;[90m{"id":"00000000-0000-005c-ffff-ffff000000d5"}&amp#27;[39m
[debug] &amp#27;[38;5;32m[AndroidUiautomator2Driver@7169 (a43898a0)]&amp#27;[0m Calling AppiumDriver.click() with args: ["00000000-0000-005c-ffff-ffff000000d5","a43898a0-6eb2-4904-abb6-8d14d4aafbd4"]
[debug] &amp#27;[38;5;32m[AndroidUiautomator2Driver@7169 (a43898a0)]&amp#27;[0m Matched '/element/00000000-0000-005c-ffff-ffff000000d5/click' to command name 'click'
[debug] &amp#27;[38;5;32m[AndroidUiautomator2Driver@7169 (a43898a0)]&amp#27;[0m Proxying [POST /element/00000000-0000-005c-ffff-ffff000000d5/click] to [POST http://127.0.0.1:8200/session/c25171e1-d0d4-4fe7-9107-68f11df06a1f/element/00000000-0000-005c-ffff-ffff000000d5/click] with body: {"element":"00000000-0000-005c-ffff-ffff000000d5"}
[debug] &amp#27;[38;5;32m[AndroidUiautomator2Driver@7169 (a43898a0)]&amp#27;[0m Got response with status 200: {"sessionId":"c25171e1-d0d4-4fe7-9107-68f11df06a1f","value":null}
[debug] &amp#27;[38;5;32m[AndroidUiautomator2Driver@7169 (a43898a0)]&amp#27;[0m Responding to client with driver.click() result: null
&amp#27;[38;5;0m[HTTP]&amp#27;[0m &amp#27;[37m<-- POST /session/a43898a0-6eb2-4904-abb6-8d14d4aafbd4/element/00000000-0000-005c-ffff-ffff000000d5/click &amp#27;[39m&amp#27;[32m200&amp#27;[39m &amp#27;[90m64 ms - 14&amp#27;[39m
&amp#27;[38;5;0m[HTTP]&amp#27;[0m &amp#27;[90m&amp#27;[39m
&amp#27;[38;5;0m[HTTP]&amp#27;[0m &amp#27;[37m-->&amp#27;[39m &amp#27;[37mPOST&amp#27;[39m &amp#27;[37m/session/a43898a0-6eb2-4904-abb6-8d14d4aafbd4/elements&amp#27;[39m
&amp#27;[38;5;0m[HTTP]&amp#27;[0m &amp#27;[90m{"using":"id","value":"com.androidsample.generalstore:id/productAddCart"}&amp#27;[39m
[debug] &amp#27;[38;5;32m[AndroidUiautomator2Driver@7169 (a43898a0)]&amp#27;[0m Calling AppiumDriver.findElements() with args: ["id","com.androidsample.generalstore:id/productAddCart","a43898a0-6eb2-4904-abb6-8d14d4aafbd4"]
[debug] &amp#27;[38;5;32m[AndroidUiautomator2Driver@7169 (a43898a0)]&amp#27;[0m Valid locator strategies for this request: xpath, id, class name, accessibility id, css selector, -android uiautomator
[debug] &amp#27;[38;5;32m[AndroidUiautomator2Driver@7169 (a43898a0)]&amp#27;[0m Waiting up to 20000 ms for condition
[debug] &amp#27;[38;5;32m[AndroidUiautomator2Driver@7169 (a43898a0)]&amp#27;[0m Matched '/elements' to command name 'findElements'
[debug] &amp#27;[38;5;32m[AndroidUiautomator2Driver@7169 (a43898a0)]&amp#27;[0m Proxying [POST /elements] to [POST http://127.0.0.1:8200/session/c25171e1-d0d4-4fe7-9107-68f11df06a1f/elements] with body: {"strategy":"id","selector":"com.androidsample.generalstore:id/productAddCart","context":"","multiple":true}
[debug] &amp#27;[38;5;32m[AndroidUiautomator2Driver@7169 (a43898a0)]&amp#27;[0m Got response with status 200: {"sessionId":"c25171e1-d0d4-4fe7-9107-68f11df06a1f","value":[]}
[debug] &amp#27;[38;5;32m[AndroidUiautomator2Driver@7169 (a43898a0)]&amp#27;[0m Waited for 242 ms so far
[debug] &amp#27;[38;5;32m[AndroidUiautomator2Driver@7169 (a43898a0)]&amp#27;[0m Matched '/elements' to command name 'findElements'
[debug] &amp#27;[38;5;32m[AndroidUiautomator2Driver@7169 (a43898a0)]&amp#27;[0m Proxying [POST /elements] to [POST http://127.0.0.1:8200/session/c25171e1-d0d4-4fe7-9107-68f11df06a1f/elements] with body: {"strategy":"id","selector":"com.androidsample.generalstore:id/productAddCart","context":"","multiple":true}
[debug] &amp#27;[38;5;32m[AndroidUiautomator2Driver@7169 (a43898a0)]&amp#27;[0m Got response with status 200: {"sessionId":"c25171e1-d0d4-4fe7-9107-68f11df06a1f","value":[{"ELEMENT":"00000000-0000-0064-ffff-ffff00000105","element-6066-11e4-a52e-4f735466cecf":"00000000-0000-0064-ffff-ffff00000105"},{"ELEMENT":"00000000-0000-0064-ffff-ffff0000010d","element-6066-11e4-a52e-4f735466cecf":"00000000-0000-0064-ffff-ffff0000010d"}]}
[debug] &amp#27;[38;5;32m[AndroidUiautomator2Driver@7169 (a43898a0)]&amp#27;[0m Responding to client with driver.findElements() result: [{"element-6066-11e4-a52e-4f735466cecf":"00000000-0000-0064-ffff-ffff00000105","ELEMENT":"00000000-0000-0064-ffff-ffff00000105"},{"element-6066-11e4-a52e-4f735466cecf":"00000000-0000-0064-ffff-ffff0000010d","ELEMENT":"00000000-0000-0064-ffff-ffff0000010d"}]
&amp#27;[38;5;0m[HTTP]&amp#27;[0m &amp#27;[37m<-- POST /session/a43898a0-6eb2-4904-abb6-8d14d4aafbd4/elements &amp#27;[39m&amp#27;[32m200&amp#27;[39m &amp#27;[90m1390 ms - 267&amp#27;[39m
&amp#27;[38;5;0m[HTTP]&amp#27;[0m &amp#27;[90m&amp#27;[39m
&amp#27;[38;5;0m[HTTP]&amp#27;[0m &amp#27;[37m-->&amp#27;[39m &amp#27;[37mPOST&amp#27;[39m &amp#27;[37m/session/a43898a0-6eb2-4904-abb6-8d14d4aafbd4/element/00000000-0000-0064-ffff-ffff00000105/click&amp#27;[39m
&amp#27;[38;5;0m[HTTP]&amp#27;[0m &amp#27;[90m{"id":"00000000-0000-0064-ffff-ffff00000105"}&amp#27;[39m
[debug] &amp#27;[38;5;32m[AndroidUiautomator2Driver@7169 (a43898a0)]&amp#27;[0m Calling AppiumDriver.click() with args: ["00000000-0000-0064-ffff-ffff00000105","a43898a0-6eb2-4904-abb6-8d14d4aafbd4"]
[debug] &amp#27;[38;5;32m[AndroidUiautomator2Driver@7169 (a43898a0)]&amp#27;[0m Matched '/element/00000000-0000-0064-ffff-ffff00000105/click' to command name 'click'
[debug] &amp#27;[38;5;32m[AndroidUiautomator2Driver@7169 (a43898a0)]&amp#27;[0m Proxying [POST /element/00000000-0000-0064-ffff-ffff00000105/click] to [POST http://127.0.0.1:8200/session/c25171e1-d0d4-4fe7-9107-68f11df06a1f/element/00000000-0000-0064-ffff-ffff00000105/click] with body: {"element":"00000000-0000-0064-ffff-ffff00000105"}
[debug] &amp#27;[38;5;32m[AndroidUiautomator2Driver@7169 (a43898a0)]&amp#27;[0m Got response with status 200: {"sessionId":"c25171e1-d0d4-4fe7-9107-68f11df06a1f","value":null}
[debug] &amp#27;[38;5;32m[AndroidUiautomator2Driver@7169 (a43898a0)]&amp#27;[0m Responding to client with driver.click() result: null
&amp#27;[38;5;0m[HTTP]&amp#27;[0m &amp#27;[37m<-- POST /session/a43898a0-6eb2-4904-abb6-8d14d4aafbd4/element/00000000-0000-0064-ffff-ffff00000105/click &amp#27;[39m&amp#27;[32m200&amp#27;[39m &amp#27;[90m545 ms - 14&amp#27;[39m
&amp#27;[38;5;0m[HTTP]&amp#27;[0m &amp#27;[90m&amp#27;[39m
&amp#27;[38;5;0m[HTTP]&amp#27;[0m &amp#27;[37m-->&amp#27;[39m &amp#27;[37mPOST&amp#27;[39m &amp#27;[37m/session/a43898a0-6eb2-4904-abb6-8d14d4aafbd4/elements&amp#27;[39m
&amp#27;[38;5;0m[HTTP]&amp#27;[0m &amp#27;[90m{"using":"id","value":"com.androidsample.generalstore:id/productAddCart"}&amp#27;[39m
[debug] &amp#27;[38;5;32m[AndroidUiautomator2Driver@7169 (a43898a0)]&amp#27;[0m Calling AppiumDriver.findElements() with args: ["id","com.androidsample.generalstore:id/productAddCart","a43898a0-6eb2-4904-abb6-8d14d4aafbd4"]
[debug] &amp#27;[38;5;32m[AndroidUiautomator2Driver@7169 (a43898a0)]&amp#27;[0m Valid locator strategies for this request: xpath, id, class name, accessibility id, css selector, -android uiautomator
[debug] &amp#27;[38;5;32m[AndroidUiautomator2Driver@7169 (a43898a0)]&amp#27;[0m Waiting up to 20000 ms for condition
[debug] &amp#27;[38;5;32m[AndroidUiautomator2Driver@7169 (a43898a0)]&amp#27;[0m Matched '/elements' to command name 'findElements'
[debug] &amp#27;[38;5;32m[AndroidUiautomator2Driver@7169 (a43898a0)]&amp#27;[0m Proxying [POST /elements] to [POST http://127.0.0.1:8200/session/c25171e1-d0d4-4fe7-9107-68f11df06a1f/elements] with body: {"strategy":"id","selector":"com.androidsample.generalstore:id/productAddCart","context":"","multiple":true}
[debug] &amp#27;[38;5;32m[AndroidUiautomator2Driver@7169 (a43898a0)]&amp#27;[0m Got response with status 200: {"sessionId":"c25171e1-d0d4-4fe7-9107-68f11df06a1f","value":[{"ELEMENT":"00000000-0000-0064-ffff-ffff00000105","element-6066-11e4-a52e-4f735466cecf":"00000000-0000-0064-ffff-ffff00000105"},{"ELEMENT":"00000000-0000-0064-ffff-ffff0000010d","element-6066-11e4-a52e-4f735466cecf":"00000000-0000-0064-ffff-ffff0000010d"}]}
[debug] &amp#27;[38;5;32m[AndroidUiautomator2Driver@7169 (a43898a0)]&amp#27;[0m Responding to client with driver.findElements() result: [{"element-6066-11e4-a52e-4f735466cecf":"00000000-0000-0064-ffff-ffff00000105","ELEMENT":"00000000-0000-0064-ffff-ffff00000105"},{"element-6066-11e4-a52e-4f735466cecf":"00000000-0000-0064-ffff-ffff0000010d","ELEMENT":"00000000-0000-0064-ffff-ffff0000010d"}]
&amp#27;[38;5;0m[HTTP]&amp#27;[0m &amp#27;[37m<-- POST /session/a43898a0-6eb2-4904-abb6-8d14d4aafbd4/elements &amp#27;[39m&amp#27;[32m200&amp#27;[39m &amp#27;[90m40 ms - 267&amp#27;[39m
&amp#27;[38;5;0m[HTTP]&amp#27;[0m &amp#27;[90m&amp#27;[39m
&amp#27;[38;5;0m[HTTP]&amp#27;[0m &amp#27;[37m-->&amp#27;[39m &amp#27;[37mPOST&amp#27;[39m &amp#27;[37m/session/a43898a0-6eb2-4904-abb6-8d14d4aafbd4/element/00000000-0000-0064-ffff-ffff0000010d/click&amp#27;[39m
&amp#27;[38;5;0m[HTTP]&amp#27;[0m &amp#27;[90m{"id":"00000000-0000-0064-ffff-ffff0000010d"}&amp#27;[39m
[debug] &amp#27;[38;5;32m[AndroidUiautomator2Driver@7169 (a43898a0)]&amp#27;[0m Calling AppiumDriver.click() with args: ["00000000-0000-0064-ffff-ffff0000010d","a43898a0-6eb2-4904-abb6-8d14d4aafbd4"]
[debug] &amp#27;[38;5;32m[AndroidUiautomator2Driver@7169 (a43898a0)]&amp#27;[0m Matched '/element/00000000-0000-0064-ffff-ffff0000010d/click' to command name 'click'
[debug] &amp#27;[38;5;32m[AndroidUiautomator2Driver@7169 (a43898a0)]&amp#27;[0m Proxying [POST /element/00000000-0000-0064-ffff-ffff0000010d/click] to [POST http://127.0.0.1:8200/session/c25171e1-d0d4-4fe7-9107-68f11df06a1f/element/00000000-0000-0064-ffff-ffff0000010d/click] with body: {"element":"00000000-0000-0064-ffff-ffff0000010d"}
[debug] &amp#27;[38;5;32m[AndroidUiautomator2Driver@7169 (a43898a0)]&amp#27;[0m Got response with status 200: {"sessionId":"c25171e1-d0d4-4fe7-9107-68f11df06a1f","value":null}
[debug] &amp#27;[38;5;32m[AndroidUiautomator2Driver@7169 (a43898a0)]&amp#27;[0m Responding to client with driver.click() result: null
&amp#27;[38;5;0m[HTTP]&amp#27;[0m &amp#27;[37m<-- POST /session/a43898a0-6eb2-4904-abb6-8d14d4aafbd4/element/00000000-0000-0064-ffff-ffff0000010d/click &amp#27;[39m&amp#27;[32m200&amp#27;[39m &amp#27;[90m544 ms - 14&amp#27;[39m
&amp#27;[38;5;0m[HTTP]&amp#27;[0m &amp#27;[90m&amp#27;[39m
&amp#27;[38;5;0m[HTTP]&amp#27;[0m &amp#27;[37m-->&amp#27;[39m &amp#27;[37mPOST&amp#27;[39m &amp#27;[37m/session/a43898a0-6eb2-4904-abb6-8d14d4aafbd4/element&amp#27;[39m
&amp#27;[38;5;0m[HTTP]&amp#27;[0m &amp#27;[90m{"using":"id","value":"com.androidsample.generalstore:id/appbar_btn_cart"}&amp#27;[39m
[debug] &amp#27;[38;5;32m[AndroidUiautomator2Driver@7169 (a43898a0)]&amp#27;[0m Calling AppiumDriver.findElement() with args: ["id","com.androidsample.generalstore:id/appbar_btn_cart","a43898a0-6eb2-4904-abb6-8d14d4aafbd4"]
[debug] &amp#27;[38;5;32m[AndroidUiautomator2Driver@7169 (a43898a0)]&amp#27;[0m Valid locator strategies for this request: xpath, id, class name, accessibility id, css selector, -android uiautomator
[debug] &amp#27;[38;5;32m[AndroidUiautomator2Driver@7169 (a43898a0)]&amp#27;[0m Waiting up to 20000 ms for condition
[debug] &amp#27;[38;5;32m[AndroidUiautomator2Driver@7169 (a43898a0)]&amp#27;[0m Matched '/element' to command name 'findElement'
[debug] &amp#27;[38;5;32m[AndroidUiautomator2Driver@7169 (a43898a0)]&amp#27;[0m Proxying [POST /element] to [POST http://127.0.0.1:8200/session/c25171e1-d0d4-4fe7-9107-68f11df06a1f/element] with body: {"strategy":"id","selector":"com.androidsample.generalstore:id/appbar_btn_cart","context":"","multiple":false}
[debug] &amp#27;[38;5;32m[AndroidUiautomator2Driver@7169 (a43898a0)]&amp#27;[0m Got response with status 200: {"sessionId":"c25171e1-d0d4-4fe7-9107-68f11df06a1f","value":{"ELEMENT":"00000000-0000-0064-ffff-ffff000000f8","element-6066-11e4-a52e-4f735466cecf":"00000000-0000-0064-ffff-ffff000000f8"}}
[debug] &amp#27;[38;5;32m[AndroidUiautomator2Driver@7169 (a43898a0)]&amp#27;[0m Responding to client with driver.findElement() result: {"element-6066-11e4-a52e-4f735466cecf":"00000000-0000-0064-ffff-ffff000000f8","ELEMENT":"00000000-0000-0064-ffff-ffff000000f8"}
&amp#27;[38;5;0m[HTTP]&amp#27;[0m &amp#27;[37m<-- POST /session/a43898a0-6eb2-4904-abb6-8d14d4aafbd4/element &amp#27;[39m&amp#27;[32m200&amp#27;[39m &amp#27;[90m49 ms - 137&amp#27;[39m
&amp#27;[38;5;0m[HTTP]&amp#27;[0m &amp#27;[90m&amp#27;[39m
&amp#27;[38;5;0m[HTTP]&amp#27;[0m &amp#27;[37m-->&amp#27;[39m &amp#27;[37mPOST&amp#27;[39m &amp#27;[37m/session/a43898a0-6eb2-4904-abb6-8d14d4aafbd4/element/00000000-0000-0064-ffff-ffff000000f8/click&amp#27;[39m
&amp#27;[38;5;0m[HTTP]&amp#27;[0m &amp#27;[90m{"id":"00000000-0000-0064-ffff-ffff000000f8"}&amp#27;[39m
[debug] &amp#27;[38;5;32m[AndroidUiautomator2Driver@7169 (a43898a0)]&amp#27;[0m Calling AppiumDriver.click() with args: ["00000000-0000-0064-ffff-ffff000000f8","a43898a0-6eb2-4904-abb6-8d14d4aafbd4"]
[debug] &amp#27;[38;5;32m[AndroidUiautomator2Driver@7169 (a43898a0)]&amp#27;[0m Matched '/element/00000000-0000-0064-ffff-ffff000000f8/click' to command name 'click'
[debug] &amp#27;[38;5;32m[AndroidUiautomator2Driver@7169 (a43898a0)]&amp#27;[0m Proxying [POST /element/00000000-0000-0064-ffff-ffff000000f8/click] to [POST http://127.0.0.1:8200/session/c25171e1-d0d4-4fe7-9107-68f11df06a1f/element/00000000-0000-0064-ffff-ffff000000f8/click] with body: {"element":"00000000-0000-0064-ffff-ffff000000f8"}
[debug] &amp#27;[38;5;32m[AndroidUiautomator2Driver@7169 (a43898a0)]&amp#27;[0m Got response with status 200: {"sessionId":"c25171e1-d0d4-4fe7-9107-68f11df06a1f","value":null}
[debug] &amp#27;[38;5;32m[AndroidUiautomator2Driver@7169 (a43898a0)]&amp#27;[0m Responding to client with driver.click() result: null
&amp#27;[38;5;0m[HTTP]&amp#27;[0m &amp#27;[37m<-- POST /session/a43898a0-6eb2-4904-abb6-8d14d4aafbd4/element/00000000-0000-0064-ffff-ffff000000f8/click &amp#27;[39m&amp#27;[32m200&amp#27;[39m &amp#27;[90m83 ms - 14&amp#27;[39m
&amp#27;[38;5;0m[HTTP]&amp#27;[0m &amp#27;[90m&amp#27;[39m
&amp#27;[38;5;0m[HTTP]&amp#27;[0m &amp#27;[37m-->&amp#27;[39m &amp#27;[37mPOST&amp#27;[39m &amp#27;[37m/session/a43898a0-6eb2-4904-abb6-8d14d4aafbd4/element&amp#27;[39m
&amp#27;[38;5;0m[HTTP]&amp#27;[0m &amp#27;[90m{"using":"class name","value":"android.widget.CheckBox"}&amp#27;[39m
[debug] &amp#27;[38;5;32m[AndroidUiautomator2Driver@7169 (a43898a0)]&amp#27;[0m Calling AppiumDriver.findElement() with args: ["class name","android.widget.CheckBox","a43898a0-6eb2-4904-abb6-8d14d4aafbd4"]
[debug] &amp#27;[38;5;32m[AndroidUiautomator2Driver@7169 (a43898a0)]&amp#27;[0m Valid locator strategies for this request: xpath, id, class name, accessibility id, css selector, -android uiautomator
[debug] &amp#27;[38;5;32m[AndroidUiautomator2Driver@7169 (a43898a0)]&amp#27;[0m Waiting up to 20000 ms for condition
[debug] &amp#27;[38;5;32m[AndroidUiautomator2Driver@7169 (a43898a0)]&amp#27;[0m Matched '/element' to command name 'findElement'
[debug] &amp#27;[38;5;32m[AndroidUiautomator2Driver@7169 (a43898a0)]&amp#27;[0m Proxying [POST /element] to [POST http://127.0.0.1:8200/session/c25171e1-d0d4-4fe7-9107-68f11df06a1f/element] with body: {"strategy":"class name","selector":"android.widget.CheckBox","context":"","multiple":false}
[debug] &amp#27;[38;5;32m[AndroidUiautomator2Driver@7169 (a43898a0)]&amp#27;[0m Got response with status 200: {"sessionId":"c25171e1-d0d4-4fe7-9107-68f11df06a1f","value":{"ELEMENT":"00000000-0000-0065-ffff-ffff0000012f","element-6066-11e4-a52e-4f735466cecf":"00000000-0000-0065-ffff-ffff0000012f"}}
[debug] &amp#27;[38;5;32m[AndroidUiautomator2Driver@7169 (a43898a0)]&amp#27;[0m Responding to client with driver.findElement() result: {"element-6066-11e4-a52e-4f735466cecf":"00000000-0000-0065-ffff-ffff0000012f","ELEMENT":"00000000-0000-0065-ffff-ffff0000012f"}
&amp#27;[38;5;0m[HTTP]&amp#27;[0m &amp#27;[37m<-- POST /session/a43898a0-6eb2-4904-abb6-8d14d4aafbd4/element &amp#27;[39m&amp#27;[32m200&amp#27;[39m &amp#27;[90m1306 ms - 137&amp#27;[39m
&amp#27;[38;5;0m[HTTP]&amp#27;[0m &amp#27;[90m&amp#27;[39m
&amp#27;[38;5;0m[HTTP]&amp#27;[0m &amp#27;[37m-->&amp#27;[39m &amp#27;[37mPOST&amp#27;[39m &amp#27;[37m/session/a43898a0-6eb2-4904-abb6-8d14d4aafbd4/element/00000000-0000-0065-ffff-ffff0000012f/click&amp#27;[39m
&amp#27;[38;5;0m[HTTP]&amp#27;[0m &amp#27;[90m{"id":"00000000-0000-0065-ffff-ffff0000012f"}&amp#27;[39m
[debug] &amp#27;[38;5;32m[AndroidUiautomator2Driver@7169 (a43898a0)]&amp#27;[0m Calling AppiumDriver.click() with args: ["00000000-0000-0065-ffff-ffff0000012f","a43898a0-6eb2-4904-abb6-8d14d4aafbd4"]
[debug] &amp#27;[38;5;32m[AndroidUiautomator2Driver@7169 (a43898a0)]&amp#27;[0m Matched '/element/00000000-0000-0065-ffff-ffff0000012f/click' to command name 'click'
[debug] &amp#27;[38;5;32m[AndroidUiautomator2Driver@7169 (a43898a0)]&amp#27;[0m Proxying [POST /element/00000000-0000-0065-ffff-ffff0000012f/click] to [POST http://127.0.0.1:8200/session/c25171e1-d0d4-4fe7-9107-68f11df06a1f/element/00000000-0000-0065-ffff-ffff0000012f/click] with body: {"element":"00000000-0000-0065-ffff-ffff0000012f"}
[debug] &amp#27;[38;5;32m[AndroidUiautomator2Driver@7169 (a43898a0)]&amp#27;[0m Got response with status 200: {"sessionId":"c25171e1-d0d4-4fe7-9107-68f11df06a1f","value":null}
[debug] &amp#27;[38;5;32m[AndroidUiautomator2Driver@7169 (a43898a0)]&amp#27;[0m Responding to client with driver.click() result: null
&amp#27;[38;5;0m[HTTP]&amp#27;[0m &amp#27;[37m<-- POST /session/a43898a0-6eb2-4904-abb6-8d14d4aafbd4/element/00000000-0000-0065-ffff-ffff0000012f/click &amp#27;[39m&amp#27;[32m200&amp#27;[39m &amp#27;[90m52 ms - 14&amp#27;[39m
&amp#27;[38;5;0m[HTTP]&amp#27;[0m &amp#27;[90m&amp#27;[39m
&amp#27;[38;5;0m[HTTP]&amp#27;[0m &amp#27;[37m-->&amp#27;[39m &amp#27;[37mPOST&amp#27;[39m &amp#27;[37m/session/a43898a0-6eb2-4904-abb6-8d14d4aafbd4/element&amp#27;[39m
&amp#27;[38;5;0m[HTTP]&amp#27;[0m &amp#27;[90m{"using":"id","value":"com.androidsample.generalstore:id/termsButton"}&amp#27;[39m
[debug] &amp#27;[38;5;32m[AndroidUiautomator2Driver@7169 (a43898a0)]&amp#27;[0m Calling AppiumDriver.findElement() with args: ["id","com.androidsample.generalstore:id/termsButton","a43898a0-6eb2-4904-abb6-8d14d4aafbd4"]
[debug] &amp#27;[38;5;32m[AndroidUiautomator2Driver@7169 (a43898a0)]&amp#27;[0m Valid locator strategies for this request: xpath, id, class name, accessibility id, css selector, -android uiautomator
[debug] &amp#27;[38;5;32m[AndroidUiautomator2Driver@7169 (a43898a0)]&amp#27;[0m Waiting up to 20000 ms for condition
[debug] &amp#27;[38;5;32m[AndroidUiautomator2Driver@7169 (a43898a0)]&amp#27;[0m Matched '/element' to command name 'findElement'
[debug] &amp#27;[38;5;32m[AndroidUiautomator2Driver@7169 (a43898a0)]&amp#27;[0m Proxying [POST /element] to [POST http://127.0.0.1:8200/session/c25171e1-d0d4-4fe7-9107-68f11df06a1f/element] with body: {"strategy":"id","selector":"com.androidsample.generalstore:id/termsButton","context":"","multiple":false}
[debug] &amp#27;[38;5;32m[AndroidUiautomator2Driver@7169 (a43898a0)]&amp#27;[0m Got response with status 200: {"sessionId":"c25171e1-d0d4-4fe7-9107-68f11df06a1f","value":{"ELEMENT":"00000000-0000-0065-ffff-ffff00000131","element-6066-11e4-a52e-4f735466cecf":"00000000-0000-0065-ffff-ffff00000131"}}
[debug] &amp#27;[38;5;32m[AndroidUiautomator2Driver@7169 (a43898a0)]&amp#27;[0m Responding to client with driver.findElement() result: {"element-6066-11e4-a52e-4f735466cecf":"00000000-0000-0065-ffff-ffff00000131","ELEMENT":"00000000-0000-0065-ffff-ffff00000131"}
&amp#27;[38;5;0m[HTTP]&amp#27;[0m &amp#27;[37m<-- POST /session/a43898a0-6eb2-4904-abb6-8d14d4aafbd4/element &amp#27;[39m&amp#27;[32m200&amp#27;[39m &amp#27;[90m644 ms - 137&amp#27;[39m
&amp#27;[38;5;0m[HTTP]&amp#27;[0m &amp#27;[90m&amp#27;[39m
&amp#27;[38;5;0m[HTTP]&amp#27;[0m &amp#27;[37m-->&amp#27;[39m &amp#27;[37mPOST&amp#27;[39m &amp#27;[37m/session/a43898a0-6eb2-4904-abb6-8d14d4aafbd4/execute/sync&amp#27;[39m
&amp#27;[38;5;0m[HTTP]&amp#27;[0m &amp#27;[90m{"script":"mobile: longClickGesture","args":[{"elementId":"00000000-0000-0065-ffff-ffff00000131","duration":2000}]}&amp#27;[39m
[debug] &amp#27;[38;5;32m[AndroidUiautomator2Driver@7169 (a43898a0)]&amp#27;[0m Calling AppiumDriver.execute() with args: ["mobile: longClickGesture",[{"elementId":"00000000-0000-0065-ffff-ffff00000131","duration":2000}],"a43898a0-6eb2-4904-abb6-8d14d4aafbd4"]
&amp#27;[38;5;32m[AndroidUiautomator2Driver@7169 (a43898a0)]&amp#27;[0m Executing method 'mobile: longClickGesture'
[debug] &amp#27;[38;5;32m[AndroidUiautomator2Driver@7169 (a43898a0)]&amp#27;[0m Proxying [POST /appium/gestures/long_click] to [POST http://127.0.0.1:8200/session/c25171e1-d0d4-4fe7-9107-68f11df06a1f/appium/gestures/long_click] with body: {"origin":{"ELEMENT":"00000000-0000-0065-ffff-ffff00000131","element-6066-11e4-a52e-4f735466cecf":"00000000-0000-0065-ffff-ffff00000131"},"duration":2000}
[debug] &amp#27;[38;5;32m[AndroidUiautomator2Driver@7169 (a43898a0)]&amp#27;[0m Got response with status 200: {"sessionId":"c25171e1-d0d4-4fe7-9107-68f11df06a1f","value":null}
[debug] &amp#27;[38;5;32m[AndroidUiautomator2Driver@7169 (a43898a0)]&amp#27;[0m Responding to client with driver.execute() result: null
&amp#27;[38;5;0m[HTTP]&amp#27;[0m &amp#27;[37m<-- POST /session/a43898a0-6eb2-4904-abb6-8d14d4aafbd4/execute/sync &amp#27;[39m&amp#27;[32m200&amp#27;[39m &amp#27;[90m2070 ms - 14&amp#27;[39m
&amp#27;[38;5;0m[HTTP]&amp#27;[0m &amp#27;[90m&amp#27;[39m
&amp#27;[38;5;0m[HTTP]&amp#27;[0m &amp#27;[37m-->&amp#27;[39m &amp#27;[37mPOST&amp#27;[39m &amp#27;[37m/session/a43898a0-6eb2-4904-abb6-8d14d4aafbd4/element&amp#27;[39m
&amp#27;[38;5;0m[HTTP]&amp#27;[0m &amp#27;[90m{"using":"xpath","value":"//android.widget.Button[@text='CLOSE']"}&amp#27;[39m
[debug] &amp#27;[38;5;32m[AndroidUiautomator2Driver@7169 (a43898a0)]&amp#27;[0m Calling AppiumDriver.findElement() with args: ["xpath","//android.widget.Button[@text='CLOSE']","a43898a0-6eb2-4904-abb6-8d14d4aafbd4"]
[debug] &amp#27;[38;5;32m[AndroidUiautomator2Driver@7169 (a43898a0)]&amp#27;[0m Valid locator strategies for this request: xpath, id, class name, accessibility id, css selector, -android uiautomator
[debug] &amp#27;[38;5;32m[AndroidUiautomator2Driver@7169 (a43898a0)]&amp#27;[0m Waiting up to 20000 ms for condition
[debug] &amp#27;[38;5;32m[AndroidUiautomator2Driver@7169 (a43898a0)]&amp#27;[0m Matched '/element' to command name 'findElement'
[debug] &amp#27;[38;5;32m[AndroidUiautomator2Driver@7169 (a43898a0)]&amp#27;[0m Proxying [POST /element] to [POST http://127.0.0.1:8200/session/c25171e1-d0d4-4fe7-9107-68f11df06a1f/element] with body: {"strategy":"xpath","selector":"//android.widget.Button[@text='CLOSE']","context":"","multiple":false}
[debug] &amp#27;[38;5;32m[AndroidUiautomator2Driver@7169 (a43898a0)]&amp#27;[0m Got response with status 200: {"sessionId":"c25171e1-d0d4-4fe7-9107-68f11df06a1f","value":{"ELEMENT":"00000000-0000-0066-ffff-ffff0000015d","element-6066-11e4-a52e-4f735466cecf":"00000000-0000-0066-ffff-ffff0000015d"}}
[debug] &amp#27;[38;5;32m[AndroidUiautomator2Driver@7169 (a43898a0)]&amp#27;[0m Responding to client with driver.findElement() result: {"element-6066-11e4-a52e-4f735466cecf":"00000000-0000-0066-ffff-ffff0000015d","ELEMENT":"00000000-0000-0066-ffff-ffff0000015d"}
&amp#27;[38;5;0m[HTTP]&amp#27;[0m &amp#27;[37m<-- POST /session/a43898a0-6eb2-4904-abb6-8d14d4aafbd4/element &amp#27;[39m&amp#27;[32m200&amp#27;[39m &amp#27;[90m682 ms - 137&amp#27;[39m
&amp#27;[38;5;0m[HTTP]&amp#27;[0m &amp#27;[90m&amp#27;[39m
&amp#27;[38;5;0m[HTTP]&amp#27;[0m &amp#27;[37m-->&amp#27;[39m &amp#27;[37mPOST&amp#27;[39m &amp#27;[37m/session/a43898a0-6eb2-4904-abb6-8d14d4aafbd4/element/00000000-0000-0066-ffff-ffff0000015d/click&amp#27;[39m
&amp#27;[38;5;0m[HTTP]&amp#27;[0m &amp#27;[90m{"id":"00000000-0000-0066-ffff-ffff0000015d"}&amp#27;[39m
[debug] &amp#27;[38;5;32m[AndroidUiautomator2Driver@7169 (a43898a0)]&amp#27;[0m Calling AppiumDriver.click() with args: ["00000000-0000-0066-ffff-ffff0000015d","a43898a0-6eb2-4904-abb6-8d14d4aafbd4"]
[debug] &amp#27;[38;5;32m[AndroidUiautomator2Driver@7169 (a43898a0)]&amp#27;[0m Matched '/element/00000000-0000-0066-ffff-ffff0000015d/click' to command name 'click'
[debug] &amp#27;[38;5;32m[AndroidUiautomator2Driver@7169 (a43898a0)]&amp#27;[0m Proxying [POST /element/00000000-0000-0066-ffff-ffff0000015d/click] to [POST http://127.0.0.1:8200/session/c25171e1-d0d4-4fe7-9107-68f11df06a1f/element/00000000-0000-0066-ffff-ffff0000015d/click] with body: {"element":"00000000-0000-0066-ffff-ffff0000015d"}
[debug] &amp#27;[38;5;32m[AndroidUiautomator2Driver@7169 (a43898a0)]&amp#27;[0m Got response with status 200: {"sessionId":"c25171e1-d0d4-4fe7-9107-68f11df06a1f","value":null}
[debug] &amp#27;[38;5;32m[AndroidUiautomator2Driver@7169 (a43898a0)]&amp#27;[0m Responding to client with driver.click() result: null
&amp#27;[38;5;0m[HTTP]&amp#27;[0m &amp#27;[37m<-- POST /session/a43898a0-6eb2-4904-abb6-8d14d4aafbd4/element/00000000-0000-0066-ffff-ffff0000015d/click &amp#27;[39m&amp#27;[32m200&amp#27;[39m &amp#27;[90m42 ms - 14&amp#27;[39m
&amp#27;[38;5;0m[HTTP]&amp#27;[0m &amp#27;[90m&amp#27;[39m
&amp#27;[38;5;0m[HTTP]&amp#27;[0m &amp#27;[37m-->&amp#27;[39m &amp#27;[37mPOST&amp#27;[39m &amp#27;[37m/session/a43898a0-6eb2-4904-abb6-8d14d4aafbd4/element&amp#27;[39m
&amp#27;[38;5;0m[HTTP]&amp#27;[0m &amp#27;[90m{"using":"id","value":"com.androidsample.generalstore:id/btnProceed"}&amp#27;[39m
[debug] &amp#27;[38;5;32m[AndroidUiautomator2Driver@7169 (a43898a0)]&amp#27;[0m Calling AppiumDriver.findElement() with args: ["id","com.androidsample.generalstore:id/btnProceed","a43898a0-6eb2-4904-abb6-8d14d4aafbd4"]
[debug] &amp#27;[38;5;32m[AndroidUiautomator2Driver@7169 (a43898a0)]&amp#27;[0m Valid locator strategies for this request: xpath, id, class name, accessibility id, css selector, -android uiautomator
[debug] &amp#27;[38;5;32m[AndroidUiautomator2Driver@7169 (a43898a0)]&amp#27;[0m Waiting up to 20000 ms for condition
[debug] &amp#27;[38;5;32m[AndroidUiautomator2Driver@7169 (a43898a0)]&amp#27;[0m Matched '/element' to command name 'findElement'
[debug] &amp#27;[38;5;32m[AndroidUiautomator2Driver@7169 (a43898a0)]&amp#27;[0m Proxying [POST /element] to [POST http://127.0.0.1:8200/session/c25171e1-d0d4-4fe7-9107-68f11df06a1f/element] with body: {"strategy":"id","selector":"com.androidsample.generalstore:id/btnProceed","context":"","multiple":false}
[debug] &amp#27;[38;5;32m[AndroidUiautomator2Driver@7169 (a43898a0)]&amp#27;[0m Got response with status 200: {"sessionId":"c25171e1-d0d4-4fe7-9107-68f11df06a1f","value":{"ELEMENT":"00000000-0000-0065-ffff-ffff00000130","element-6066-11e4-a52e-4f735466cecf":"00000000-0000-0065-ffff-ffff00000130"}}
[debug] &amp#27;[38;5;32m[AndroidUiautomator2Driver@7169 (a43898a0)]&amp#27;[0m Responding to client with driver.findElement() result: {"element-6066-11e4-a52e-4f735466cecf":"00000000-0000-0065-ffff-ffff00000130","ELEMENT":"00000000-0000-0065-ffff-ffff00000130"}
&amp#27;[38;5;0m[HTTP]&amp#27;[0m &amp#27;[37m<-- POST /session/a43898a0-6eb2-4904-abb6-8d14d4aafbd4/element &amp#27;[39m&amp#27;[32m200&amp#27;[39m &amp#27;[90m332 ms - 137&amp#27;[39m
&amp#27;[38;5;0m[HTTP]&amp#27;[0m &amp#27;[90m&amp#27;[39m
&amp#27;[38;5;0m[HTTP]&amp#27;[0m &amp#27;[37m-->&amp#27;[39m &amp#27;[37mPOST&amp#27;[39m &amp#27;[37m/session/a43898a0-6eb2-4904-abb6-8d14d4aafbd4/element/00000000-0000-0065-ffff-ffff00000130/click&amp#27;[39m
&amp#27;[38;5;0m[HTTP]&amp#27;[0m &amp#27;[90m{"id":"00000000-0000-0065-ffff-ffff00000130"}&amp#27;[39m
[debug] &amp#27;[38;5;32m[AndroidUiautomator2Driver@7169 (a43898a0)]&amp#27;[0m Calling AppiumDriver.click() with args: ["00000000-0000-0065-ffff-ffff00000130","a43898a0-6eb2-4904-abb6-8d14d4aafbd4"]
[debug] &amp#27;[38;5;32m[AndroidUiautomator2Driver@7169 (a43898a0)]&amp#27;[0m Matched '/element/00000000-0000-0065-ffff-ffff00000130/click' to command name 'click'
[debug] &amp#27;[38;5;32m[AndroidUiautomator2Driver@7169 (a43898a0)]&amp#27;[0m Proxying [POST /element/00000000-0000-0065-ffff-ffff00000130/click] to [POST http://127.0.0.1:8200/session/c25171e1-d0d4-4fe7-9107-68f11df06a1f/element/00000000-0000-0065-ffff-ffff00000130/click] with body: {"element":"00000000-0000-0065-ffff-ffff00000130"}
[debug] &amp#27;[38;5;32m[AndroidUiautomator2Driver@7169 (a43898a0)]&amp#27;[0m Got response with status 200: {"sessionId":"c25171e1-d0d4-4fe7-9107-68f11df06a1f","value":null}
[debug] &amp#27;[38;5;32m[AndroidUiautomator2Driver@7169 (a43898a0)]&amp#27;[0m Responding to client with driver.click() result: null
&amp#27;[38;5;0m[HTTP]&amp#27;[0m &amp#27;[37m<-- POST /session/a43898a0-6eb2-4904-abb6-8d14d4aafbd4/element/00000000-0000-0065-ffff-ffff00000130/click &amp#27;[39m&amp#27;[32m200&amp#27;[39m &amp#27;[90m264 ms - 14&amp#27;[39m
&amp#27;[38;5;0m[HTTP]&amp#27;[0m &amp#27;[90m&amp#27;[39m
]]></system-out>
  </testcase>
</testsuite>