<?xml version="1.0" encoding="UTF-8"?>
<testng-results ignored="2" total="3" passed="1" failed="0" skipped="0">
  <reporter-output>
  </reporter-output>
  <suite started-at="2024-01-30T19:17:09 IST" name="Suite" finished-at="2024-01-30T19:17:37 IST" duration-ms="28141">
    <groups>
      <group name="Smoke">
        <method signature="PriceofProducts.webPriceViewTest()[pri:1, instance:MobileTestAutomation.AppiumFrameworkDesign.PriceofProducts@67c277a0]" name="webPriceViewTest" class="MobileTestAutomation.AppiumFrameworkDesign.PriceofProducts"/>
      </group> <!-- Smoke -->
    </groups>
    <test started-at="2024-01-30T19:17:09 IST" name="Test" finished-at="2024-01-30T19:17:09 IST" duration-ms="18">
    </test> <!-- Test -->
    <test started-at="2024-01-30T19:17:09 IST" name="Test1" finished-at="2024-01-30T19:17:37 IST" duration-ms="27972">
      <class name="MobileTestAutomation.AppiumFrameworkDesign.PriceofProducts">
        <test-method is-config="true" signature="appiumConfigure()[pri:0, instance:MobileTestAutomation.AppiumFrameworkDesign.PriceofProducts@67c277a0]" started-at="2024-01-30T19:17:09 IST" name="appiumConfigure" finished-at="2024-01-30T19:17:22 IST" duration-ms="12979" status="PASS">
          <reporter-output>
          </reporter-output>
        </test-method> <!-- appiumConfigure -->
        <test-method signature="webPriceViewTest()[pri:1, instance:MobileTestAutomation.AppiumFrameworkDesign.PriceofProducts@67c277a0]" started-at="2024-01-30T19:17:22 IST" name="webPriceViewTest" description="Verifying prices of products in decimal value" finished-at="2024-01-30T19:17:37 IST" duration-ms="14569" status="PASS">
          <reporter-output>
          </reporter-output>
        </test-method> <!-- webPriceViewTest -->
        <test-method is-config="true" signature="teardown()[pri:0, instance:MobileTestAutomation.AppiumFrameworkDesign.PriceofProducts@67c277a0]" started-at="2024-01-30T19:17:37 IST" name="teardown" finished-at="2024-01-30T19:17:37 IST" duration-ms="340" status="PASS">
          <reporter-output>
          </reporter-output>
        </test-method> <!-- teardown -->
      </class> <!-- MobileTestAutomation.AppiumFrameworkDesign.PriceofProducts -->
    </test> <!-- Test1 -->
  </suite> <!-- Suite -->
</testng-results>
