<?xml version="1.0" encoding="UTF-8"?>
<testng-results ignored="2" total="3" passed="1" failed="0" skipped="0">
  <reporter-output>
  </reporter-output>
  <suite started-at="2024-01-30T22:50:37 IST" name="Suite" finished-at="2024-01-30T22:51:02 IST" duration-ms="25373">
    <groups>
      <group name="Smoke">
        <method signature="PriceofProducts.webPriceViewTest()[pri:1, instance:MobileTestAutomation.AppiumFrameworkDesign.PriceofProducts@10fbbdb]" name="webPriceViewTest" class="MobileTestAutomation.AppiumFrameworkDesign.PriceofProducts"/>
      </group> <!-- Smoke -->
    </groups>
    <test started-at="2024-01-30T22:50:37 IST" name="Test" finished-at="2024-01-30T22:50:37 IST" duration-ms="23">
    </test> <!-- Test -->
    <test started-at="2024-01-30T22:50:37 IST" name="Test1" finished-at="2024-01-30T22:51:02 IST" duration-ms="25193">
      <class name="MobileTestAutomation.AppiumFrameworkDesign.PriceofProducts">
        <test-method is-config="true" signature="appiumConfigure()[pri:0, instance:MobileTestAutomation.AppiumFrameworkDesign.PriceofProducts@10fbbdb]" started-at="2024-01-30T22:50:37 IST" name="appiumConfigure" finished-at="2024-01-30T22:50:49 IST" duration-ms="11648" status="PASS">
          <reporter-output>
          </reporter-output>
        </test-method> <!-- appiumConfigure -->
        <test-method signature="webPriceViewTest()[pri:1, instance:MobileTestAutomation.AppiumFrameworkDesign.PriceofProducts@10fbbdb]" started-at="2024-01-30T22:50:49 IST" name="webPriceViewTest" description="Verifying prices of products in decimal value" finished-at="2024-01-30T22:51:02 IST" duration-ms="13203" status="PASS">
          <reporter-output>
          </reporter-output>
        </test-method> <!-- webPriceViewTest -->
        <test-method is-config="true" signature="teardown()[pri:0, instance:MobileTestAutomation.AppiumFrameworkDesign.PriceofProducts@10fbbdb]" started-at="2024-01-30T22:51:02 IST" name="teardown" finished-at="2024-01-30T22:51:02 IST" duration-ms="280" status="PASS">
          <reporter-output>
          </reporter-output>
        </test-method> <!-- teardown -->
      </class> <!-- MobileTestAutomation.AppiumFrameworkDesign.PriceofProducts -->
    </test> <!-- Test1 -->
  </suite> <!-- Suite -->
</testng-results>
